::1 - - [13/Oct/2023:00:57:25 +0300] "GET / HTTP/1.1" 200 13834
::1 - - [13/Oct/2023:00:57:25 +0300] "GET /favicon.ico HTTP/1.1" 404 196
::1 - - [13/Oct/2023:00:57:25 +0300] "GET /favicon.ico HTTP/1.1" 404 196
::1 - - [13/Oct/2023:00:58:01 +0300] "GET / HTTP/1.1" 200 19846
::1 - - [13/Oct/2023:00:58:01 +0300] "GET /css/bootstrap.min.css HTTP/1.1" 200 155758
::1 - - [13/Oct/2023:00:58:01 +0300] "GET /css/jquery-ui.min.css HTTP/1.1" 200 32076
::1 - - [13/Oct/2023:00:58:01 +0300] "GET /css/flaticon.css HTTP/1.1" 200 3380
::1 - - [13/Oct/2023:00:58:01 +0300] "GET /css/font-awesome.min.css HTTP/1.1" 200 31000
::1 - - [13/Oct/2023:00:58:01 +0300] "GET /css/owl.carousel.min.css HTTP/1.1" 200 3351
::1 - - [13/Oct/2023:00:58:01 +0300] "GET /find.js HTTP/1.1" 404 196
::1 - - [13/Oct/2023:00:58:01 +0300] "GET /css/nice-select.css HTTP/1.1" 200 4007
::1 - - [13/Oct/2023:00:58:01 +0300] "GET /css/magnific-popup.css HTTP/1.1" 200 6951
::1 - - [13/Oct/2023:00:58:01 +0300] "GET /css/slicknav.min.css HTTP/1.1" 200 2505
::1 - - [13/Oct/2023:00:58:01 +0300] "GET /css/style.css HTTP/1.1" 200 32587
::1 - - [13/Oct/2023:00:58:01 +0300] "GET /img/calendar.png HTTP/1.1" 200 1546
::1 - - [13/Oct/2023:00:58:01 +0300] "GET /img/logo.png HTTP/1.1" 200 2563
::1 - - [13/Oct/2023:00:58:01 +0300] "GET /img/author-1.png HTTP/1.1" 200 8232
::1 - - [13/Oct/2023:00:58:01 +0300] "GET /img/author-2.png HTTP/1.1" 200 8995
::1 - - [13/Oct/2023:00:58:01 +0300] "GET /js/jquery-3.3.1.min.js HTTP/1.1" 200 86927
::1 - - [13/Oct/2023:00:58:02 +0300] "GET /css/images/ui-icons_555555_256x240.png HTTP/1.1" 404 196
::1 - - [13/Oct/2023:00:58:02 +0300] "GET /css/images/ui-icons_777620_256x240.png HTTP/1.1" 404 196
::1 - - [13/Oct/2023:00:58:02 +0300] "GET /css/images/ui-icons_cc0000_256x240.png HTTP/1.1" 404 196
::1 - - [13/Oct/2023:00:58:02 +0300] "GET /css/images/ui-icons_ffffff_256x240.png HTTP/1.1" 404 196
::1 - - [13/Oct/2023:00:58:02 +0300] "GET /css/images/ui-icons_444444_256x240.png HTTP/1.1" 404 196
::1 - - [13/Oct/2023:00:58:02 +0300] "GET /css/images/ui-icons_777777_256x240.png HTTP/1.1" 404 196
::1 - - [13/Oct/2023:00:58:02 +0300] "GET /css/owl.video.play.png HTTP/1.1" 404 196
::1 - - [13/Oct/2023:00:58:02 +0300] "GET /js/jquery.nice-select.min.js HTTP/1.1" 200 2942
::1 - - [13/Oct/2023:00:58:02 +0300] "GET /js/jquery.slicknav.js HTTP/1.1" 200 20977
::1 - - [13/Oct/2023:00:58:02 +0300] "GET /js/jquery.magnific-popup.min.js HTTP/1.1" 200 20216
::1 - - [13/Oct/2023:00:58:02 +0300] "GET /img/home-about-1.jpg HTTP/1.1" 200 13446
::1 - - [13/Oct/2023:00:58:02 +0300] "GET /img/home-about-2.jpg HTTP/1.1" 200 10753
::1 - - [13/Oct/2023:00:58:02 +0300] "GET /js/main.js HTTP/1.1" 200 2859
::1 - - [13/Oct/2023:00:58:02 +0300] "GET /js/bootstrap.min.js HTTP/1.1" 200 58072
::1 - - [13/Oct/2023:00:58:02 +0300] "GET /js/owl.carousel.min.js HTTP/1.1" 200 44342
::1 - - [13/Oct/2023:00:58:02 +0300] "GET /img/home-about-3.jpg HTTP/1.1" 200 8826
::1 - - [13/Oct/2023:00:58:02 +0300] "GET /img/placeholder.png HTTP/1.1" 200 1314
::1 - - [13/Oct/2023:00:58:02 +0300] "GET /img/home-about-4.jpg HTTP/1.1" 200 18058
::1 - - [13/Oct/2023:00:58:02 +0300] "GET /img/phone.png HTTP/1.1" 200 1325
::1 - - [13/Oct/2023:00:58:02 +0300] "GET /js/jquery-ui.min.js HTTP/1.1" 200 253671
::1 - - [13/Oct/2023:00:58:02 +0300] "GET /fonts/Flaticon.woff HTTP/1.1" 200 13840
::1 - - [13/Oct/2023:00:58:02 +0300] "GET /fonts/fontawesome-webfont.woff2?v=4.7.0 HTTP/1.1" 200 77160
::1 - - [13/Oct/2023:00:58:02 +0300] "GET /img/video-inside-bg.jpg HTTP/1.1" 200 89475
::1 - - [13/Oct/2023:00:58:02 +0300] "GET /img/faci-1.jpg HTTP/1.1" 200 69314
::1 - - [13/Oct/2023:00:58:02 +0300] "GET /img/hero-bg.jpg HTTP/1.1" 200 207167
::1 - - [13/Oct/2023:00:58:02 +0300] "GET /img/faci-2.jpg HTTP/1.1" 200 127840
::1 - - [13/Oct/2023:00:58:02 +0300] "GET /img/video-bg.jpg HTTP/1.1" 200 152353
::1 - - [13/Oct/2023:00:58:06 +0300] "GET /images/ui-icons_444444_256x240.png HTTP/1.1" 404 196
::1 - - [13/Oct/2023:00:58:09 +0300] "POST /response.php HTTP/1.1" 200 723
::1 - - [13/Oct/2023:01:36:50 +0300] "GET / HTTP/1.1" 304 -
::1 - - [13/Oct/2023:01:36:50 +0300] "GET /find.js HTTP/1.1" 404 196
::1 - - [13/Oct/2023:01:36:51 +0300] "GET /favicon.ico HTTP/1.1" 404 196
::1 - - [13/Oct/2023:01:36:55 +0300] "GET /images/ui-icons_444444_256x240.png HTTP/1.1" 404 196
::1 - - [13/Oct/2023:01:36:58 +0300] "POST /response.php HTTP/1.1" 500 -
::1 - - [13/Oct/2023:01:37:10 +0300] "GET /css/bootstrap.min.css.map HTTP/1.1" 404 196
::1 - - [13/Oct/2023:01:37:10 +0300] "GET /js/bootstrap.min.js.map HTTP/1.1" 404 196
::1 - - [13/Oct/2023:01:37:16 +0300] "POST /response.php HTTP/1.1" 500 -
::1 - - [13/Oct/2023:01:40:38 +0300] "GET /css/bootstrap.min.css.map HTTP/1.1" 404 196
::1 - - [13/Oct/2023:01:40:38 +0300] "GET /js/bootstrap.min.js.map HTTP/1.1" 404 196
::1 - - [13/Oct/2023:01:40:45 +0300] "POST /response.php HTTP/1.1" 500 -
::1 - - [13/Oct/2023:01:44:10 +0300] "POST /response.php HTTP/1.1" 500 -
::1 - - [13/Oct/2023:01:48:20 +0300] "POST /response.php HTTP/1.1" 500 -
::1 - - [13/Oct/2023:01:59:00 +0300] "POST /response.php HTTP/1.1" 500 -
::1 - - [13/Oct/2023:02:00:41 +0300] "POST /response.php HTTP/1.1" 500 -
::1 - - [13/Oct/2023:02:02:03 +0300] "POST /response.php HTTP/1.1" 500 -
::1 - - [13/Oct/2023:02:09:26 +0300] "POST /response.php HTTP/1.1" 500 -
::1 - - [13/Oct/2023:02:12:30 +0300] "POST /response.php HTTP/1.1" 500 -
::1 - - [13/Oct/2023:02:16:06 +0300] "POST /response.php HTTP/1.1" 200 26
::1 - - [13/Oct/2023:02:18:23 +0300] "POST /response.php HTTP/1.1" 200 -
::1 - - [13/Oct/2023:02:19:44 +0300] "POST /response.php HTTP/1.1" 200 -
::1 - - [13/Oct/2023:02:21:35 +0300] "POST /response.php HTTP/1.1" 302 -
::1 - - [13/Oct/2023:02:21:35 +0300] "GET /index.php HTTP/1.1" 404 196
::1 - - [13/Oct/2023:02:22:00 +0300] "POST /response.php HTTP/1.1" 302 -
::1 - - [13/Oct/2023:02:22:00 +0300] "GET /index.html HTTP/1.1" 200 19846
::1 - - [13/Oct/2023:02:22:00 +0300] "GET /find.js HTTP/1.1" 404 196
::1 - - [13/Oct/2023:02:22:29 +0300] "POST /response.php HTTP/1.1" 302 -
::1 - - [13/Oct/2023:02:22:29 +0300] "GET /room.html HTTP/1.1" 404 196
::1 - - [13/Oct/2023:02:22:34 +0300] "GET /rooms.html HTTP/1.1" 200 19819
::1 - - [13/Oct/2023:02:22:34 +0300] "GET /img/about_bg.jpg HTTP/1.1" 200 155365
::1 - - [13/Oct/2023:02:22:34 +0300] "GET /img/rooms/room-1.jpg HTTP/1.1" 200 93714
::1 - - [13/Oct/2023:02:22:34 +0300] "GET /img/rooms/room-3.jpg HTTP/1.1" 200 93845
::1 - - [13/Oct/2023:02:22:34 +0300] "GET /img/rooms/room-2.jpg HTTP/1.1" 200 102001
::1 - - [13/Oct/2023:02:22:34 +0300] "GET /img/rooms/room-4.jpg HTTP/1.1" 200 110391
::1 - - [13/Oct/2023:02:22:44 +0300] "POST /response.php HTTP/1.1" 302 -
::1 - - [13/Oct/2023:02:22:44 +0300] "GET /rooms.html HTTP/1.1" 304 -
::1 - - [13/Oct/2023:02:30:23 +0300] "GET / HTTP/1.1" 304 -
::1 - - [13/Oct/2023:02:30:23 +0300] "GET /find.js HTTP/1.1" 404 196
::1 - - [13/Oct/2023:02:30:55 +0300] "GET / HTTP/1.1" 200 19267
::1 - - [13/Oct/2023:02:30:55 +0300] "GET /find.js HTTP/1.1" 404 196
::1 - - [13/Oct/2023:02:35:27 +0300] "GET / HTTP/1.1" 200 19245
::1 - - [13/Oct/2023:02:35:27 +0300] "GET /find.js HTTP/1.1" 404 196
::1 - - [13/Oct/2023:02:35:54 +0300] "GET / HTTP/1.1" 200 19251
::1 - - [13/Oct/2023:02:35:54 +0300] "GET /find.js HTTP/1.1" 404 196
::1 - - [13/Oct/2023:02:35:56 +0300] "GET /login.html? HTTP/1.1" 200 2299
::1 - - [13/Oct/2023:02:36:20 +0300] "GET / HTTP/1.1" 200 19259
::1 - - [13/Oct/2023:02:36:20 +0300] "GET /find.js HTTP/1.1" 404 196
::1 - - [13/Oct/2023:02:36:56 +0300] "GET / HTTP/1.1" 304 -
::1 - - [13/Oct/2023:02:36:56 +0300] "GET /find.js HTTP/1.1" 404 196
::1 - - [13/Oct/2023:02:37:12 +0300] "GET / HTTP/1.1" 200 19251
::1 - - [13/Oct/2023:02:37:12 +0300] "GET /find.js HTTP/1.1" 404 196
::1 - - [13/Oct/2023:02:37:33 +0300] "GET / HTTP/1.1" 200 19251
::1 - - [13/Oct/2023:02:37:33 +0300] "GET /find.js HTTP/1.1" 404 196
::1 - - [13/Oct/2023:02:37:35 +0300] "GET /login.html? HTTP/1.1" 304 -
::1 - - [13/Oct/2023:02:43:05 +0300] "GET /rooms.html? HTTP/1.1" 200 19819
::1 - - [13/Oct/2023:02:43:12 +0300] "GET / HTTP/1.1" 304 -
::1 - - [13/Oct/2023:02:43:12 +0300] "GET /find.js HTTP/1.1" 404 196
::1 - - [13/Oct/2023:02:43:14 +0300] "GET /login.html? HTTP/1.1" 304 -
::1 - - [13/Oct/2023:02:43:19 +0300] "POST /response.php HTTP/1.1" 500 -
::1 - - [13/Oct/2023:02:44:28 +0300] "POST /response.php HTTP/1.1" 500 -
::1 - - [13/Oct/2023:02:49:49 +0300] "POST /response.php HTTP/1.1" 200 24
::1 - - [13/Oct/2023:02:50:29 +0300] "POST /response.php HTTP/1.1" 200 24
::1 - - [13/Oct/2023:02:51:26 +0300] "POST /response.php HTTP/1.1" 200 24
::1 - - [13/Oct/2023:02:51:31 +0300] "POST /response.php HTTP/1.1" 500 -
::1 - - [13/Oct/2023:02:57:52 +0300] "POST /response.php HTTP/1.1" 500 -
::1 - - [13/Oct/2023:02:58:06 +0300] "POST /response.php HTTP/1.1" 200 29
::1 - - [13/Oct/2023:03:00:23 +0300] "POST /response.php HTTP/1.1" 200 24
::1 - - [13/Oct/2023:03:00:28 +0300] "POST /response.php HTTP/1.1" 200 29
::1 - - [13/Oct/2023:03:03:34 +0300] "POST /response.php HTTP/1.1" 200 31
::1 - - [13/Oct/2023:03:04:05 +0300] "POST /response.php HTTP/1.1" 200 24
::1 - - [13/Oct/2023:03:04:23 +0300] "POST /response.php HTTP/1.1" 500 -
::1 - - [13/Oct/2023:03:04:29 +0300] "POST /response.php HTTP/1.1" 200 29
::1 - - [13/Oct/2023:03:07:01 +0300] "POST /response.php HTTP/1.1" 200 24
::1 - - [13/Oct/2023:03:07:14 +0300] "POST /response.php HTTP/1.1" 200 29
::1 - - [13/Oct/2023:03:11:13 +0300] "POST /response.php HTTP/1.1" 200 24
::1 - - [13/Oct/2023:03:11:18 +0300] "POST /response.php HTTP/1.1" 500 -
::1 - - [13/Oct/2023:03:15:54 +0300] "GET / HTTP/1.1" 304 -
::1 - - [13/Oct/2023:03:15:54 +0300] "GET /find.js HTTP/1.1" 404 196
::1 - - [13/Oct/2023:03:15:57 +0300] "GET /login.html? HTTP/1.1" 304 -
::1 - - [13/Oct/2023:03:16:24 +0300] "GET /find.js HTTP/1.1" 404 196
::1 - - [13/Oct/2023:03:22:17 +0300] "GET /login.html? HTTP/1.1" 304 -
::1 - - [13/Oct/2023:03:22:24 +0300] "POST /response.php HTTP/1.1" 200 86
::1 - - [13/Oct/2023:03:22:32 +0300] "GET /index.html HTTP/1.1" 200 19251
::1 - - [13/Oct/2023:03:22:32 +0300] "GET /find.js HTTP/1.1" 404 196
::1 - - [13/Oct/2023:03:58:19 +0300] "GET /login.html? HTTP/1.1" 304 -
::1 - - [13/Oct/2023:03:58:21 +0300] "GET /login.html? HTTP/1.1" 304 -
::1 - - [13/Oct/2023:03:58:52 +0300] "POST /response.php HTTP/1.1" 500 2
::1 - - [13/Oct/2023:03:59:10 +0300] "POST /response.php HTTP/1.1" 500 2
::1 - - [13/Oct/2023:03:59:27 +0300] "POST /response.php HTTP/1.1" 200 100
::1 - - [13/Oct/2023:03:59:30 +0300] "GET /index.html HTTP/1.1" 304 -
::1 - - [13/Oct/2023:03:59:30 +0300] "GET /find.js HTTP/1.1" 404 196
::1 - - [13/Oct/2023:03:59:46 +0300] "POST /response.php HTTP/1.1" 500 2
::1 - - [13/Oct/2023:04:00:24 +0300] "POST /response.php HTTP/1.1" 200 93
::1 - - [13/Oct/2023:04:00:30 +0300] "GET /find.js HTTP/1.1" 404 196
::1 - - [13/Oct/2023:04:00:45 +0300] "POST /response.php HTTP/1.1" 200 93
::1 - - [13/Oct/2023:04:00:48 +0300] "GET /find.js HTTP/1.1" 404 196
::1 - - [13/Oct/2023:04:03:27 +0300] "GET /login.html? HTTP/1.1" 200 2346
::1 - - [13/Oct/2023:04:03:27 +0300] "GET /img/otel_login.png HTTP/1.1" 404 196
::1 - - [13/Oct/2023:04:03:39 +0300] "GET /login.html? HTTP/1.1" 304 -
::1 - - [13/Oct/2023:04:03:39 +0300] "GET /img/otel_login.png HTTP/1.1" 404 196
::1 - - [13/Oct/2023:04:07:16 +0300] "GET /login.html? HTTP/1.1" 200 2433
::1 - - [13/Oct/2023:04:07:16 +0300] "GET /otel_login.png HTTP/1.1" 404 196
::1 - - [13/Oct/2023:04:09:28 +0300] "GET /login.html? HTTP/1.1" 200 2430
::1 - - [13/Oct/2023:04:09:28 +0300] "GET /otellog.jpg HTTP/1.1" 404 196
::1 - - [13/Oct/2023:04:09:40 +0300] "GET /login.html? HTTP/1.1" 304 -
::1 - - [13/Oct/2023:04:09:40 +0300] "GET /otellog.jpg HTTP/1.1" 404 196
::1 - - [13/Oct/2023:04:09:48 +0300] "GET /login.html? HTTP/1.1" 200 2390
::1 - - [13/Oct/2023:04:09:48 +0300] "GET /otellog.jpg HTTP/1.1" 404 196
::1 - - [13/Oct/2023:04:11:35 +0300] "GET /login.html? HTTP/1.1" 200 2700
::1 - - [13/Oct/2023:04:12:00 +0300] "GET /login.html? HTTP/1.1" 200 2437
::1 - - [13/Oct/2023:04:12:21 +0300] "GET /login.html? HTTP/1.1" 304 -
::1 - - [13/Oct/2023:04:12:26 +0300] "GET /login.html? HTTP/1.1" 200 2435
::1 - - [13/Oct/2023:04:13:26 +0300] "GET /login.html? HTTP/1.1" 200 2434
::1 - - [13/Oct/2023:04:13:26 +0300] "GET /img/otellog.jpg HTTP/1.1" 200 108960
::1 - - [13/Oct/2023:04:14:22 +0300] "GET /login.html? HTTP/1.1" 304 -
::1 - - [13/Oct/2023:04:15:30 +0300] "GET /login.html? HTTP/1.1" 200 2434
::1 - - [13/Oct/2023:04:15:30 +0300] "GET /img/otellog.jpg HTTP/1.1" 200 67323
::1 - - [13/Oct/2023:04:17:25 +0300] "GET /login.html? HTTP/1.1" 304 -
::1 - - [13/Oct/2023:04:17:26 +0300] "GET /img/otellog.jpg HTTP/1.1" 200 413954
::1 - - [13/Oct/2023:04:19:26 +0300] "GET /login.html? HTTP/1.1" 200 2460
::1 - - [13/Oct/2023:04:19:26 +0300] "GET /img/otellog.jpg HTTP/1.1" 304 -
::1 - - [13/Oct/2023:04:19:41 +0300] "GET /login.html? HTTP/1.1" 304 -
::1 - - [13/Oct/2023:04:19:41 +0300] "GET /img/otellog.jpg HTTP/1.1" 304 -
::1 - - [13/Oct/2023:04:19:44 +0300] "GET /login.html? HTTP/1.1" 200 2460
::1 - - [13/Oct/2023:04:20:05 +0300] "GET /login.html? HTTP/1.1" 200 2460
::1 - - [13/Oct/2023:04:20:05 +0300] "GET /img/otellog.jpg HTTP/1.1" 304 -
::1 - - [13/Oct/2023:04:20:24 +0300] "GET /login.html? HTTP/1.1" 200 2460
::1 - - [13/Oct/2023:04:20:25 +0300] "GET /img/otellog.jpg HTTP/1.1" 304 -
::1 - - [13/Oct/2023:04:20:31 +0300] "GET /login.html? HTTP/1.1" 200 2460
::1 - - [13/Oct/2023:04:20:37 +0300] "GET /login.html? HTTP/1.1" 200 2460
::1 - - [13/Oct/2023:04:20:45 +0300] "GET /login.html? HTTP/1.1" 200 2461
::1 - - [13/Oct/2023:04:20:45 +0300] "GET /img/otellog.jpg HTTP/1.1" 304 -
::1 - - [13/Oct/2023:04:20:51 +0300] "GET /login.html? HTTP/1.1" 200 2460
::1 - - [13/Oct/2023:04:53:30 +0300] "GET /index.html HTTP/1.1" 200 19287
::1 - - [13/Oct/2023:04:53:30 +0300] "GET /find.js HTTP/1.1" 404 196
::1 - - [13/Oct/2023:04:57:23 +0300] "GET /login.html? HTTP/1.1" 304 -
::1 - - [13/Oct/2023:04:57:23 +0300] "GET /img/otellog.jpg HTTP/1.1" 304 -
::1 - - [13/Oct/2023:04:58:41 +0300] "GET /login.html? HTTP/1.1" 200 2524
::1 - - [13/Oct/2023:04:58:49 +0300] "POST /response.php HTTP/1.1" 200 91
::1 - - [13/Oct/2023:04:58:51 +0300] "GET /index.html HTTP/1.1" 304 -
::1 - - [13/Oct/2023:04:58:51 +0300] "GET /find.js HTTP/1.1" 404 196
::1 - - [13/Oct/2023:05:02:24 +0300] "GET /login.html? HTTP/1.1" 304 -
::1 - - [13/Oct/2023:05:02:24 +0300] "GET /img/otellog.jpg HTTP/1.1" 304 -
::1 - - [13/Oct/2023:05:02:57 +0300] "POST /response.php HTTP/1.1" 200 118
::1 - - [13/Oct/2023:05:03:00 +0300] "GET /index.html HTTP/1.1" 304 -
::1 - - [13/Oct/2023:05:03:00 +0300] "GET /find.js HTTP/1.1" 404 196
::1 - - [13/Oct/2023:05:05:09 +0300] "GET /login.html? HTTP/1.1" 304 -
::1 - - [13/Oct/2023:05:05:15 +0300] "POST /response.php HTTP/1.1" 200 119
::1 - - [13/Oct/2023:05:14:02 +0300] "GET /rooms.html HTTP/1.1" 200 24709
::1 - - [13/Oct/2023:05:14:53 +0300] "GET /index.html HTTP/1.1" 304 -
::1 - - [13/Oct/2023:05:14:53 +0300] "GET /find.js HTTP/1.1" 404 196
::1 - - [13/Oct/2023:05:14:55 +0300] "GET /login.html? HTTP/1.1" 304 -
::1 - - [13/Oct/2023:05:14:55 +0300] "GET /img/otellog.jpg HTTP/1.1" 304 -
::1 - - [13/Oct/2023:05:16:55 +0300] "GET /rooms.html HTTP/1.1" 304 -
::1 - - [13/Oct/2023:10:30:17 +0300] "GET /css/owl.video.play.png HTTP/1.1" 404 196
::1 - - [13/Oct/2023:10:30:17 +0300] "GET /css/images/ui-icons_444444_256x240.png HTTP/1.1" 404 196
::1 - - [13/Oct/2023:10:30:17 +0300] "GET /css/images/ui-icons_555555_256x240.png HTTP/1.1" 404 196
::1 - - [13/Oct/2023:10:30:17 +0300] "GET /css/images/ui-icons_777777_256x240.png HTTP/1.1" 404 196
::1 - - [13/Oct/2023:10:30:17 +0300] "GET /css/images/ui-icons_ffffff_256x240.png HTTP/1.1" 404 196
::1 - - [13/Oct/2023:10:30:17 +0300] "GET /css/images/ui-icons_777620_256x240.png HTTP/1.1" 404 196
::1 - - [13/Oct/2023:10:30:17 +0300] "GET /css/images/ui-icons_cc0000_256x240.png HTTP/1.1" 404 196
::1 - - [13/Oct/2023:10:30:17 +0300] "GET /favicon.ico HTTP/1.1" 404 196
::1 - - [13/Oct/2023:10:36:14 +0300] "GET /index.html HTTP/1.1" 304 -
::1 - - [13/Oct/2023:10:36:14 +0300] "GET /find.js HTTP/1.1" 404 196
::1 - - [13/Oct/2023:10:36:16 +0300] "GET /login.html? HTTP/1.1" 304 -
::1 - - [13/Oct/2023:10:36:16 +0300] "GET /img/otellog.jpg HTTP/1.1" 304 -
::1 - - [13/Oct/2023:11:13:17 +0300] "GET /login.html? HTTP/1.1" 304 -
::1 - - [13/Oct/2023:11:13:22 +0300] "GET / HTTP/1.1" 200 19287
::1 - - [13/Oct/2023:11:13:22 +0300] "GET /find.js HTTP/1.1" 404 196
::1 - - [13/Oct/2023:11:31:14 +0300] "GET / HTTP/1.1" 304 -
::1 - - [13/Oct/2023:11:31:14 +0300] "GET /find.js HTTP/1.1" 404 196
::1 - - [13/Oct/2023:15:24:41 +0300] "GET / HTTP/1.1" 304 -
::1 - - [13/Oct/2023:15:24:41 +0300] "GET /find.js HTTP/1.1" 404 196
::1 - - [13/Oct/2023:15:24:45 +0300] "GET /login.html? HTTP/1.1" 304 -
::1 - - [13/Oct/2023:15:24:46 +0300] "GET /img/otellog.jpg HTTP/1.1" 304 -
::1 - - [13/Oct/2023:15:24:52 +0300] "POST /response.php HTTP/1.1" 200 119
::1 - - [13/Oct/2023:15:24:54 +0300] "GET /rooms.html HTTP/1.1" 304 -
::1 - - [16/Oct/2023:01:04:37 +0300] "GET /images/ui-icons_444444_256x240.png HTTP/1.1" 404 196
::1 - - [16/Oct/2023:01:04:41 +0300] "GET /js/bootstrap.min.js.map HTTP/1.1" 404 196
::1 - - [16/Oct/2023:01:04:42 +0300] "GET /css/bootstrap.min.css.map HTTP/1.1" 404 196
::1 - - [16/Oct/2023:01:13:37 +0300] "GET /find.js HTTP/1.1" 404 196
::1 - - [16/Oct/2023:01:13:38 +0300] "GET /favicon.ico HTTP/1.1" 404 196
::1 - - [16/Oct/2023:01:58:02 +0300] "GET /favicon.ico HTTP/1.1" 404 196
::1 - - [16/Oct/2023:01:58:03 +0300] "GET /css/owl.video.play.png HTTP/1.1" 404 196
::1 - - [16/Oct/2023:01:58:03 +0300] "GET /css/images/ui-icons_444444_256x240.png HTTP/1.1" 404 196
::1 - - [16/Oct/2023:01:58:03 +0300] "GET /css/images/ui-icons_cc0000_256x240.png HTTP/1.1" 404 196
::1 - - [16/Oct/2023:01:58:03 +0300] "GET /css/images/ui-icons_555555_256x240.png HTTP/1.1" 404 196
::1 - - [16/Oct/2023:01:58:03 +0300] "GET /css/images/ui-icons_777620_256x240.png HTTP/1.1" 404 196
::1 - - [16/Oct/2023:01:58:03 +0300] "GET /css/images/ui-icons_ffffff_256x240.png HTTP/1.1" 404 196
::1 - - [16/Oct/2023:01:58:03 +0300] "GET /css/images/ui-icons_777777_256x240.png HTTP/1.1" 404 196
::1 - - [16/Oct/2023:01:58:04 +0300] "GET /find.js HTTP/1.1" 404 196
::1 - - [16/Oct/2023:01:58:06 +0300] "GET /rooms.html HTTP/1.1" 304 -
::1 - - [16/Oct/2023:01:58:07 +0300] "GET /js/bootstrap.min.js.map HTTP/1.1" 404 196
::1 - - [16/Oct/2023:01:58:07 +0300] "GET /css/bootstrap.min.css.map HTTP/1.1" 404 196
::1 - - [16/Oct/2023:02:04:26 +0300] "GET /images/ui-icons_444444_256x240.png HTTP/1.1" 404 196
::1 - - [16/Oct/2023:02:06:47 +0300] "GET /images/ui-icons_444444_256x240.png HTTP/1.1" 404 196
::1 - - [16/Oct/2023:02:06:59 +0300] "GET /index.html HTTP/1.1" 200 19358
::1 - - [16/Oct/2023:02:06:59 +0300] "GET /find.js HTTP/1.1" 404 196
::1 - - [16/Oct/2023:02:07:01 +0300] "GET /images/ui-icons_444444_256x240.png HTTP/1.1" 404 196
::1 - - [16/Oct/2023:02:07:04 +0300] "GET /login.html?checkInDate=10%2F15%2F2023&roomType=%D0%9A%D0%BE%D1%80%D0%BE%D0%BB%D0%B5%D0%B2%D1%81%D0%BA%D0%B8%D0%B9+%D0%9B%D1%8E%D0%BA%D1%81 HTTP/1.1" 200 2524
::1 - - [16/Oct/2023:02:07:04 +0300] "GET /img/otellog.jpg HTTP/1.1" 304 -
::1 - - [16/Oct/2023:02:08:25 +0300] "GET /index.html HTTP/1.1" 200 19332
::1 - - [16/Oct/2023:02:08:25 +0300] "GET /find.js HTTP/1.1" 404 196
::1 - - [16/Oct/2023:02:08:45 +0300] "GET /index.html HTTP/1.1" 200 19330
::1 - - [16/Oct/2023:02:08:45 +0300] "GET /find.js HTTP/1.1" 404 196
::1 - - [16/Oct/2023:02:08:46 +0300] "GET /login.html HTTP/1.1" 200 2524
::1 - - [16/Oct/2023:02:09:20 +0300] "GET /images/ui-icons_444444_256x240.png HTTP/1.1" 404 196
::1 - - [16/Oct/2023:02:09:23 +0300] "POST /response2.php HTTP/1.1" 200 -
::1 - - [16/Oct/2023:02:18:48 +0300] "GET /images/ui-icons_444444_256x240.png HTTP/1.1" 404 196
::1 - - [16/Oct/2023:02:18:55 +0300] "POST /response2.php HTTP/1.1" 500 -
::1 - - [16/Oct/2023:02:19:48 +0300] "POST /response2.php HTTP/1.1" 500 -
::1 - - [16/Oct/2023:02:24:42 +0300] "POST /response2.php HTTP/1.1" 500 -
::1 - - [16/Oct/2023:02:29:30 +0300] "GET /index.html HTTP/1.1" 200 19330
::1 - - [16/Oct/2023:02:29:30 +0300] "GET /find.js HTTP/1.1" 404 196
::1 - - [16/Oct/2023:02:29:34 +0300] "GET /images/ui-icons_444444_256x240.png HTTP/1.1" 404 196
::1 - - [16/Oct/2023:02:29:36 +0300] "POST /response2.php HTTP/1.1" 500 -
::1 - - [16/Oct/2023:02:50:40 +0300] "GET /images/ui-icons_444444_256x240.png HTTP/1.1" 404 196
::1 - - [16/Oct/2023:02:50:45 +0300] "POST /response2.php HTTP/1.1" 500 -
::1 - - [16/Oct/2023:02:53:37 +0300] "POST /response2.php HTTP/1.1" 500 -
::1 - - [16/Oct/2023:02:59:30 +0300] "POST /response2.php HTTP/1.1" 500 -
::1 - - [16/Oct/2023:02:59:37 +0300] "POST /response2.php HTTP/1.1" 500 -
::1 - - [16/Oct/2023:03:04:55 +0300] "POST /response2.php HTTP/1.1" 500 -
::1 - - [16/Oct/2023:03:07:28 +0300] "POST /response2.php HTTP/1.1" 500 -
::1 - - [16/Oct/2023:03:09:42 +0300] "POST /response2.php HTTP/1.1" 500 -
::1 - - [16/Oct/2023:03:11:55 +0300] "POST /response2.php HTTP/1.1" 500 -
::1 - - [16/Oct/2023:03:13:08 +0300] "POST /response2.php HTTP/1.1" 500 -
::1 - - [16/Oct/2023:03:15:08 +0300] "POST /response2.php HTTP/1.1" 500 -
::1 - - [16/Oct/2023:03:17:41 +0300] "POST /response2.php HTTP/1.1" 500 -
::1 - - [16/Oct/2023:03:22:58 +0300] "GET /index.html HTTP/1.1" 200 19401
::1 - - [16/Oct/2023:03:22:58 +0300] "GET /find.js HTTP/1.1" 404 196
::1 - - [16/Oct/2023:03:23:02 +0300] "GET /images/ui-icons_444444_256x240.png HTTP/1.1" 404 196
::1 - - [16/Oct/2023:03:23:06 +0300] "POST /response2.php HTTP/1.1" 500 -
::1 - - [16/Oct/2023:03:25:18 +0300] "POST /response2.php HTTP/1.1" 500 -
::1 - - [16/Oct/2023:03:33:57 +0300] "POST /response2.php HTTP/1.1" 500 -
::1 - - [16/Oct/2023:03:35:33 +0300] "POST /response2.php HTTP/1.1" 500 -
::1 - - [16/Oct/2023:03:37:47 +0300] "POST /response2.php HTTP/1.1" 500 -
::1 - - [16/Oct/2023:03:38:14 +0300] "GET /index.html HTTP/1.1" 200 19401
::1 - - [16/Oct/2023:03:38:14 +0300] "GET /find.js HTTP/1.1" 404 196
::1 - - [16/Oct/2023:03:38:17 +0300] "GET /images/ui-icons_444444_256x240.png HTTP/1.1" 404 196
::1 - - [16/Oct/2023:03:38:30 +0300] "POST /response2.php HTTP/1.1" 500 -
::1 - - [16/Oct/2023:03:42:18 +0300] "POST /response2.php HTTP/1.1" 500 -
::1 - - [16/Oct/2023:03:43:35 +0300] "POST /response2.php HTTP/1.1" 500 -
::1 - - [16/Oct/2023:03:46:16 +0300] "POST /response2.php HTTP/1.1" 500 -
::1 - - [16/Oct/2023:03:48:34 +0300] "POST /response2.php HTTP/1.1" 500 -
::1 - - [16/Oct/2023:03:51:24 +0300] "POST /response2.php HTTP/1.1" 500 -
::1 - - [16/Oct/2023:03:55:43 +0300] "POST /response2.php HTTP/1.1" 500 -
::1 - - [16/Oct/2023:04:02:21 +0300] "POST /response2.php HTTP/1.1" 500 -
::1 - - [16/Oct/2023:04:02:36 +0300] "GET /find.js HTTP/1.1" 404 196
::1 - - [16/Oct/2023:04:02:37 +0300] "GET /favicon.ico HTTP/1.1" 404 196
::1 - - [16/Oct/2023:04:04:50 +0300] "GET /find.js HTTP/1.1" 404 196
::1 - - [16/Oct/2023:04:04:50 +0300] "GET /css/owl.video.play.png HTTP/1.1" 404 196
::1 - - [16/Oct/2023:04:04:50 +0300] "GET /css/images/ui-icons_444444_256x240.png HTTP/1.1" 404 196
::1 - - [16/Oct/2023:04:04:50 +0300] "GET /css/images/ui-icons_777777_256x240.png HTTP/1.1" 404 196
::1 - - [16/Oct/2023:04:04:50 +0300] "GET /css/images/ui-icons_555555_256x240.png HTTP/1.1" 404 196
::1 - - [16/Oct/2023:04:04:50 +0300] "GET /css/images/ui-icons_ffffff_256x240.png HTTP/1.1" 404 196
::1 - - [16/Oct/2023:04:04:50 +0300] "GET /css/images/ui-icons_777620_256x240.png HTTP/1.1" 404 196
::1 - - [16/Oct/2023:04:04:50 +0300] "GET /css/images/ui-icons_cc0000_256x240.png HTTP/1.1" 404 196
::1 - - [16/Oct/2023:04:04:52 +0300] "POST /response2.php HTTP/1.1" 500 -
::1 - - [16/Oct/2023:04:12:14 +0300] "POST /response2.php HTTP/1.1" 500 -
::1 - - [16/Oct/2023:04:13:38 +0300] "POST /response2.php HTTP/1.1" 500 -
::1 - - [16/Oct/2023:04:15:54 +0300] "POST /response2.php HTTP/1.1" 500 -
::1 - - [16/Oct/2023:04:17:32 +0300] "POST /response2.php HTTP/1.1" 500 -
::1 - - [16/Oct/2023:04:18:29 +0300] "POST /response2.php HTTP/1.1" 500 -
::1 - - [16/Oct/2023:04:22:04 +0300] "POST /response2.php HTTP/1.1" 500 72
::1 - - [16/Oct/2023:04:23:58 +0300] "GET /images/ui-icons_444444_256x240.png HTTP/1.1" 404 196
::1 - - [16/Oct/2023:04:24:02 +0300] "POST /response2.php HTTP/1.1" 500 72
::1 - - [16/Oct/2023:04:27:54 +0300] "POST /response2.php HTTP/1.1" 500 72
::1 - - [16/Oct/2023:04:28:37 +0300] "GET /index.html HTTP/1.1" 200 19401
::1 - - [16/Oct/2023:04:28:37 +0300] "GET /find.js HTTP/1.1" 404 196
::1 - - [16/Oct/2023:04:28:38 +0300] "GET /login.html HTTP/1.1" 200 2524
::1 - - [16/Oct/2023:10:31:02 +0300] "GET /images/ui-icons_444444_256x240.png HTTP/1.1" 404 196
::1 - - [16/Oct/2023:10:31:26 +0300] "POST /response2.php HTTP/1.1" 500 72
::1 - - [16/Oct/2023:10:32:10 +0300] "GET /images/ui-icons_444444_256x240.png HTTP/1.1" 404 196
::1 - - [16/Oct/2023:10:32:15 +0300] "POST /response2.php HTTP/1.1" 500 72
::1 - - [17/Oct/2023:03:46:03 +0300] "GET /find.js HTTP/1.1" 404 196
::1 - - [17/Oct/2023:03:46:03 +0300] "GET /css/owl.video.play.png HTTP/1.1" 404 196
::1 - - [17/Oct/2023:03:46:03 +0300] "GET /css/images/ui-icons_777777_256x240.png HTTP/1.1" 404 196
::1 - - [17/Oct/2023:03:46:03 +0300] "GET /css/images/ui-icons_555555_256x240.png HTTP/1.1" 404 196
::1 - - [17/Oct/2023:03:46:03 +0300] "GET /css/images/ui-icons_ffffff_256x240.png HTTP/1.1" 404 196
::1 - - [17/Oct/2023:03:46:03 +0300] "GET /css/images/ui-icons_777620_256x240.png HTTP/1.1" 404 196
::1 - - [17/Oct/2023:03:46:03 +0300] "GET /css/images/ui-icons_cc0000_256x240.png HTTP/1.1" 404 196
::1 - - [17/Oct/2023:03:46:03 +0300] "GET /css/images/ui-icons_444444_256x240.png HTTP/1.1" 404 196
::1 - - [17/Oct/2023:03:46:03 +0300] "GET /favicon.ico HTTP/1.1" 404 196
::1 - - [17/Oct/2023:03:46:06 +0300] "GET /find.js HTTP/1.1" 404 196
::1 - - [17/Oct/2023:07:46:40 +0300] "GET /index.html HTTP/1.1" 304 -
::1 - - [17/Oct/2023:07:46:40 +0300] "GET /find.js HTTP/1.1" 404 196
::1 - - [17/Oct/2023:07:46:41 +0300] "GET /favicon.ico HTTP/1.1" 404 196
::1 - - [17/Oct/2023:07:46:42 +0300] "GET /about-us.html HTTP/1.1" 200 16692
::1 - - [17/Oct/2023:07:46:42 +0300] "GET /img/about/about-1.jpg HTTP/1.1" 200 85259
::1 - - [17/Oct/2023:07:46:42 +0300] "GET /img/about/about-2.jpg HTTP/1.1" 200 33325
::1 - - [17/Oct/2023:07:46:42 +0300] "GET /img/about/award-img.png HTTP/1.1" 200 16243
::1 - - [17/Oct/2023:07:46:42 +0300] "GET /img/about/about-3.jpg HTTP/1.1" 200 28482
::1 - - [17/Oct/2023:07:46:42 +0300] "GET /img/about/about-4.jpg HTTP/1.1" 200 41380
::1 - - [17/Oct/2023:07:46:43 +0300] "GET /img/about/milestone-bg.jpg HTTP/1.1" 200 31556
::1 - - [17/Oct/2023:07:46:46 +0300] "GET /find.js HTTP/1.1" 404 196
::1 - - [17/Oct/2023:09:14:50 +0300] "GET /login.html HTTP/1.1" 304 -
::1 - - [17/Oct/2023:09:14:50 +0300] "GET /img/otellog.jpg HTTP/1.1" 304 -
::1 - - [17/Oct/2023:09:14:50 +0300] "GET /favicon.ico HTTP/1.1" 404 196
::1 - - [17/Oct/2023:09:14:58 +0300] "POST /response.php HTTP/1.1" 200 123
::1 - - [17/Oct/2023:09:15:00 +0300] "GET /rooms.html HTTP/1.1" 304 -
::1 - - [17/Oct/2023:09:15:17 +0300] "GET /find.js HTTP/1.1" 404 196
::1 - - [17/Oct/2023:09:15:36 +0300] "POST /response.php HTTP/1.1" 200 119
::1 - - [17/Oct/2023:09:16:08 +0300] "POST /response.php HTTP/1.1" 200 155
::1 - - [17/Oct/2023:09:16:11 +0300] "GET /find.js HTTP/1.1" 404 196
::1 - - [17/Oct/2023:09:16:35 +0300] "POST /response.php HTTP/1.1" 200 159
::1 - - [17/Oct/2023:09:16:48 +0300] "GET /find.js HTTP/1.1" 404 196
::1 - - [17/Oct/2023:09:16:56 +0300] "POST /response.php HTTP/1.1" 200 119
::1 - - [17/Oct/2023:09:43:01 +0300] "GET /find.js HTTP/1.1" 404 196
::1 - - [17/Oct/2023:09:43:08 +0300] "POST /response.php HTTP/1.1" 200 119
::1 - - [17/Oct/2023:09:44:33 +0300] "GET /find.js HTTP/1.1" 404 196
::1 - - [17/Oct/2023:09:44:38 +0300] "POST /response.php HTTP/1.1" 200 165
::1 - - [17/Oct/2023:09:44:53 +0300] "GET /find.js HTTP/1.1" 404 196
::1 - - [17/Oct/2023:09:45:01 +0300] "POST /response.php HTTP/1.1" 200 165
::1 - - [17/Oct/2023:09:45:52 +0300] "POST /response.php HTTP/1.1" 200 166
::1 - - [17/Oct/2023:09:48:32 +0300] "POST /response.php HTTP/1.1" 200 166
::1 - - [17/Oct/2023:10:10:12 +0300] "GET /find.js HTTP/1.1" 404 196
::1 - - [17/Oct/2023:11:04:11 +0300] "POST /response.php HTTP/1.1" 200 166
::1 - - [17/Oct/2023:11:06:32 +0300] "GET /index.html HTTP/1.1" 304 -
::1 - - [17/Oct/2023:11:06:32 +0300] "GET /find.js HTTP/1.1" 404 196
::1 - - [17/Oct/2023:11:06:34 +0300] "GET /images/ui-icons_444444_256x240.png HTTP/1.1" 404 196
::1 - - [17/Oct/2023:11:06:40 +0300] "POST /response2.php HTTP/1.1" 500 72
::1 - - [18/Oct/2023:18:15:41 +0300] "GET /find.js HTTP/1.1" 404 196
::1 - - [18/Oct/2023:18:15:41 +0300] "GET /css/owl.video.play.png HTTP/1.1" 404 196
::1 - - [18/Oct/2023:18:15:41 +0300] "GET /css/images/ui-icons_444444_256x240.png HTTP/1.1" 404 196
::1 - - [18/Oct/2023:18:15:41 +0300] "GET /css/images/ui-icons_555555_256x240.png HTTP/1.1" 404 196
::1 - - [18/Oct/2023:18:15:41 +0300] "GET /css/images/ui-icons_cc0000_256x240.png HTTP/1.1" 404 196
::1 - - [18/Oct/2023:18:15:41 +0300] "GET /css/images/ui-icons_ffffff_256x240.png HTTP/1.1" 404 196
::1 - - [18/Oct/2023:18:15:41 +0300] "GET /css/images/ui-icons_777620_256x240.png HTTP/1.1" 404 196
::1 - - [18/Oct/2023:18:15:41 +0300] "GET /css/images/ui-icons_777777_256x240.png HTTP/1.1" 404 196
::1 - - [18/Oct/2023:18:15:42 +0300] "GET /favicon.ico HTTP/1.1" 404 196
::1 - - [18/Oct/2023:18:15:45 +0300] "GET /find.js HTTP/1.1" 404 196
::1 - - [18/Oct/2023:18:15:46 +0300] "POST /response2.php HTTP/1.1" 500 72
::1 - - [18/Oct/2023:18:15:56 +0300] "GET /login.html HTTP/1.1" 304 -
::1 - - [18/Oct/2023:18:15:56 +0300] "GET /img/otellog.jpg HTTP/1.1" 304 -
::1 - - [18/Oct/2023:18:16:43 +0300] "POST /response.php HTTP/1.1" 200 166
::1 - - [18/Oct/2023:18:16:50 +0300] "POST /response.php HTTP/1.1" 200 155
