[Fri Oct 13 00:57:12.933160 2023] [mpm_winnt:notice] [pid 8384:tid 480] AH00455: Apache/2.4.55 (Win32) OpenSSL/1.1.1s configured -- resuming normal operations
[Fri Oct 13 00:57:12.937161 2023] [mpm_winnt:notice] [pid 8384:tid 480] AH00456: Server built: Jan 15 2023 10:14:48
[Fri Oct 13 00:57:12.937161 2023] [core:notice] [pid 8384:tid 480] AH00094: Command line: 'httpd -d C:/Apache24'
[Fri Oct 13 00:57:12.945162 2023] [mpm_winnt:notice] [pid 8384:tid 480] AH00418: Parent: Created child process 11576
Apache server interrupted...
023] [mpm_winnt:notice] [pid 11576:tid 392] AH00354: Child: Starting 64 worker threads.
[Fri Oct 13 00:57:41.401276 2023] [mpm_winnt:notice] [pid 8384:tid 480] AH00422: Parent: Received shutdown signal -- Shutting down the server.
[Fri Oct 13 00:57:43.431204 2023] [mpm_winnt:notice] [pid 11576:tid 392] AH00364: Child: All worker threads have exited.
[Fri Oct 13 00:57:43.481950 2023] [mpm_winnt:notice] [pid 8384:tid 480] AH00430: Parent: Child process 11576 exited successfully.
[Fri Oct 13 00:57:59.897044 2023] [mpm_winnt:notice] [pid 14384:tid 412] AH00455: Apache/2.4.55 (Win32) OpenSSL/1.1.1s configured -- resuming normal operations
[Fri Oct 13 00:57:59.897044 2023] [mpm_winnt:notice] [pid 14384:tid 412] AH00456: Server built: Jan 15 2023 10:14:48
[Fri Oct 13 00:57:59.897044 2023] [core:notice] [pid 14384:tid 412] AH00094: Command line: 'httpd -d C:/Apache24'
[Fri Oct 13 00:57:59.909040 2023] [mpm_winnt:notice] [pid 14384:tid 412] AH00418: Parent: Created child process 14024
Apache server interrupted...
023] [mpm_winnt:notice] [pid 14024:tid 392] AH00354: Child: Starting 64 worker threads.
[Fri Oct 13 01:04:06.924143 2023] [mpm_winnt:notice] [pid 14384:tid 412] AH00422: Parent: Received shutdown signal -- Shutting down the server.
[Fri Oct 13 01:04:08.941858 2023] [mpm_winnt:notice] [pid 14024:tid 392] AH00364: Child: All worker threads have exited.
[Fri Oct 13 01:04:08.992600 2023] [mpm_winnt:notice] [pid 14384:tid 412] AH00430: Parent: Child process 14024 exited successfully.
[Fri Oct 13 01:36:40.988172 2023] [mpm_winnt:notice] [pid 13936:tid 432] AH00455: Apache/2.4.55 (Win32) OpenSSL/1.1.1s PHP/8.2.11 configured -- resuming normal operations
[Fri Oct 13 01:36:40.988286 2023] [mpm_winnt:notice] [pid 13936:tid 432] AH00456: Server built: Jan 15 2023 10:14:48
[Fri Oct 13 01:36:40.988286 2023] [core:notice] [pid 13936:tid 432] AH00094: Command line: 'httpd -d C:/Apache24'
[Fri Oct 13 01:36:40.991182 2023] [mpm_winnt:notice] [pid 13936:tid 432] AH00418: Parent: Created child process 8008
Apache server interrupted...
023] [mpm_winnt:notice] [pid 8008:tid 400] AH00354: Child: Starting 64 worker threads.
[Fri Oct 13 01:36:58.117537 2023] [php:error] [pid 8008:tid 1852] [client ::1:51029] PHP Fatal error:  Uncaught mysqli_sql_exception: FUNCTION new_schema.log_user_login does not exist in C:\\Apache24\\htdocs\\response.php:16\nStack trace:\n#0 C:\\Apache24\\htdocs\\response.php(16): mysqli->query()\n#1 {main}\n  thrown in C:\\Apache24\\htdocs\\response.php on line 16, referer: http://localhost:8080/
[Fri Oct 13 01:37:16.912554 2023] [php:error] [pid 8008:tid 1852] [client ::1:51061] PHP Fatal error:  Uncaught mysqli_sql_exception: FUNCTION new_schema.log_user_login does not exist in C:\\Apache24\\htdocs\\response.php:16\nStack trace:\n#0 C:\\Apache24\\htdocs\\response.php(16): mysqli->query()\n#1 {main}\n  thrown in C:\\Apache24\\htdocs\\response.php on line 16, referer: http://localhost:8080/
[Fri Oct 13 01:40:45.095454 2023] [php:error] [pid 8008:tid 1852] [client ::1:51255] PHP Fatal error:  Uncaught mysqli_sql_exception: FUNCTION new_schema.log_user_login does not exist in C:\\Apache24\\htdocs\\response.php:16\nStack trace:\n#0 C:\\Apache24\\htdocs\\response.php(16): mysqli->query()\n#1 {main}\n  thrown in C:\\Apache24\\htdocs\\response.php on line 16, referer: http://localhost:8080/
[Fri Oct 13 01:44:10.503897 2023] [php:error] [pid 8008:tid 1852] [client ::1:51321] PHP Fatal error:  Uncaught mysqli_sql_exception: FUNCTION new_schema.log_user_login does not exist in C:\\Apache24\\htdocs\\response.php:16\nStack trace:\n#0 C:\\Apache24\\htdocs\\response.php(16): mysqli->query()\n#1 {main}\n  thrown in C:\\Apache24\\htdocs\\response.php on line 16, referer: http://localhost:8080/
[Fri Oct 13 01:48:20.438517 2023] [php:error] [pid 8008:tid 1852] [client ::1:51409] PHP Fatal error:  Uncaught mysqli_sql_exception: Cannot add or update a child row: a foreign key constraint fails (`new_schema`.`login_history`, CONSTRAINT `login_history_ibfk_1` FOREIGN KEY (`user_id`) REFERENCES `users` (`id`) ON DELETE CASCADE) in C:\\Apache24\\htdocs\\response.php:16\nStack trace:\n#0 C:\\Apache24\\htdocs\\response.php(16): mysqli->query()\n#1 {main}\n  thrown in C:\\Apache24\\htdocs\\response.php on line 16, referer: http://localhost:8080/
[Fri Oct 13 01:59:00.541327 2023] [php:error] [pid 8008:tid 1852] [client ::1:51671] PHP Fatal error:  Uncaught mysqli_sql_exception: Cannot add or update a child row: a foreign key constraint fails (`new_schema`.`login_history`, CONSTRAINT `login_history_ibfk_1` FOREIGN KEY (`user_id`) REFERENCES `users` (`id`) ON DELETE CASCADE) in C:\\Apache24\\htdocs\\response.php:16\nStack trace:\n#0 C:\\Apache24\\htdocs\\response.php(16): mysqli->query()\n#1 {main}\n  thrown in C:\\Apache24\\htdocs\\response.php on line 16, referer: http://localhost:8080/
[Fri Oct 13 02:00:41.158543 2023] [php:error] [pid 8008:tid 1852] [client ::1:51695] PHP Fatal error:  Uncaught mysqli_sql_exception: Access denied for user 'username'@'localhost' (using password: YES) in C:\\Apache24\\htdocs\\response.php:4\nStack trace:\n#0 C:\\Apache24\\htdocs\\response.php(4): mysqli->__construct()\n#1 {main}\n  thrown in C:\\Apache24\\htdocs\\response.php on line 4, referer: http://localhost:8080/
[Fri Oct 13 02:02:03.476821 2023] [php:error] [pid 8008:tid 1852] [client ::1:51730] PHP Fatal error:  Uncaught mysqli_sql_exception: Cannot add or update a child row: a foreign key constraint fails (`new_schema`.`login_history`, CONSTRAINT `login_history_ibfk_1` FOREIGN KEY (`user_id`) REFERENCES `users` (`id`) ON DELETE CASCADE) in C:\\Apache24\\htdocs\\response.php:16\nStack trace:\n#0 C:\\Apache24\\htdocs\\response.php(16): mysqli->query()\n#1 {main}\n  thrown in C:\\Apache24\\htdocs\\response.php on line 16, referer: http://localhost:8080/
[Fri Oct 13 02:09:26.253127 2023] [php:error] [pid 8008:tid 1852] [client ::1:51843] PHP Fatal error:  Uncaught mysqli_sql_exception: Cannot add or update a child row: a foreign key constraint fails (`new_schema`.`login_history`, CONSTRAINT `login_history_ibfk_1` FOREIGN KEY (`user_id`) REFERENCES `users` (`id`) ON DELETE CASCADE) in C:\\Apache24\\htdocs\\response.php:16\nStack trace:\n#0 C:\\Apache24\\htdocs\\response.php(16): mysqli->query()\n#1 {main}\n  thrown in C:\\Apache24\\htdocs\\response.php on line 16, referer: http://localhost:8080/
[Fri Oct 13 02:12:30.041111 2023] [php:error] [pid 8008:tid 1852] [client ::1:51912] PHP Fatal error:  Uncaught mysqli_sql_exception: Cannot add or update a child row: a foreign key constraint fails (`new_schema`.`login_history`, CONSTRAINT `login_history_ibfk_1` FOREIGN KEY (`user_id`) REFERENCES `users` (`id`) ON DELETE CASCADE) in C:\\Apache24\\htdocs\\response.php:16\nStack trace:\n#0 C:\\Apache24\\htdocs\\response.php(16): mysqli->query()\n#1 {main}\n  thrown in C:\\Apache24\\htdocs\\response.php on line 16, referer: http://localhost:8080/
[Fri Oct 13 02:21:35.424579 2023] [php:error] [pid 8008:tid 1852] [client ::1:52203] script 'C:/Apache24/htdocs/index.php' not found or unable to stat, referer: http://localhost:8080/
[Fri Oct 13 02:43:19.873221 2023] [php:error] [pid 8008:tid 1852] [client ::1:52739] PHP Fatal error:  Uncaught mysqli_sql_exception: Field 'email' doesn't have a default value in C:\\Apache24\\htdocs\\response.php:34\nStack trace:\n#0 C:\\Apache24\\htdocs\\response.php(34): mysqli->query()\n#1 {main}\n  thrown in C:\\Apache24\\htdocs\\response.php on line 34, referer: http://localhost:8080/login.html?
[Fri Oct 13 02:44:28.209972 2023] [php:error] [pid 8008:tid 1852] [client ::1:52751] PHP Fatal error:  Uncaught mysqli_sql_exception: Field 'email' doesn't have a default value in C:\\Apache24\\htdocs\\response.php:34\nStack trace:\n#0 C:\\Apache24\\htdocs\\response.php(34): mysqli->query()\n#1 {main}\n  thrown in C:\\Apache24\\htdocs\\response.php on line 34, referer: http://localhost:8080/login.html?
[Fri Oct 13 02:51:31.776798 2023] [php:error] [pid 8008:tid 1852] [client ::1:52938] PHP Fatal error:  Uncaught mysqli_sql_exception: Cannot add or update a child row: a foreign key constraint fails (`new_schema`.`login_history`, CONSTRAINT `login_history_ibfk_1` FOREIGN KEY (`user_id`) REFERENCES `users` (`id`) ON DELETE CASCADE) in C:\\Apache24\\htdocs\\response.php:44\nStack trace:\n#0 C:\\Apache24\\htdocs\\response.php(44): mysqli->query()\n#1 {main}\n  thrown in C:\\Apache24\\htdocs\\response.php on line 44, referer: http://localhost:8080/login.html?
[Fri Oct 13 02:57:52.340436 2023] [php:error] [pid 8008:tid 1852] [client ::1:53031] PHP Fatal error:  Uncaught mysqli_sql_exception: Duplicate entry '123' for key 'users.username' in C:\\Apache24\\htdocs\\response.php:34\nStack trace:\n#0 C:\\Apache24\\htdocs\\response.php(34): mysqli->query()\n#1 {main}\n  thrown in C:\\Apache24\\htdocs\\response.php on line 34, referer: http://localhost:8080/login.html?
[Fri Oct 13 03:04:23.888950 2023] [php:error] [pid 8008:tid 1852] [client ::1:53121] PHP Fatal error:  Uncaught mysqli_sql_exception: Duplicate entry '123' for key 'users.username' in C:\\Apache24\\htdocs\\response.php:34\nStack trace:\n#0 C:\\Apache24\\htdocs\\response.php(34): mysqli->query()\n#1 {main}\n  thrown in C:\\Apache24\\htdocs\\response.php on line 34, referer: http://localhost:8080/login.html?
[Fri Oct 13 03:11:18.251801 2023] [php:error] [pid 8008:tid 1852] [client ::1:53265] PHP Fatal error:  Uncaught mysqli_sql_exception: Cannot add or update a child row: a foreign key constraint fails (`new_schema`.`login_history`, CONSTRAINT `login_history_ibfk_1` FOREIGN KEY (`user_id`) REFERENCES `users` (`id`) ON DELETE CASCADE) in C:\\Apache24\\htdocs\\response.php:44\nStack trace:\n#0 C:\\Apache24\\htdocs\\response.php(44): mysqli->query()\n#1 {main}\n  thrown in C:\\Apache24\\htdocs\\response.php on line 44, referer: http://localhost:8080/login.html?
[Fri Oct 13 03:15:39.866705 2023] [mpm_winnt:notice] [pid 13936:tid 432] AH00422: Parent: Received shutdown signal -- Shutting down the server.
[Fri Oct 13 03:15:41.890153 2023] [mpm_winnt:notice] [pid 8008:tid 400] AH00364: Child: All worker threads have exited.
[Fri Oct 13 03:15:41.917986 2023] [mpm_winnt:notice] [pid 13936:tid 432] AH00430: Parent: Child process 8008 exited successfully.
[Fri Oct 13 03:15:49.299241 2023] [mpm_winnt:notice] [pid 16760:tid 420] AH00455: Apache/2.4.55 (Win32) OpenSSL/1.1.1s PHP/8.2.11 configured -- resuming normal operations
[Fri Oct 13 03:15:49.299241 2023] [mpm_winnt:notice] [pid 16760:tid 420] AH00456: Server built: Jan 15 2023 10:14:48
[Fri Oct 13 03:15:49.299241 2023] [core:notice] [pid 16760:tid 420] AH00094: Command line: 'httpd -d C:/Apache24'
[Fri Oct 13 03:15:49.302109 2023] [mpm_winnt:notice] [pid 16760:tid 420] AH00418: Parent: Created child process 1876
Apache server shutdown initiated...
pm_winnt:notice] [pid 1876:tid 452] AH00354: Child: Starting 64 worker threads.
[Fri Oct 13 03:57:57.125442 2023] [mpm_winnt:notice] [pid 16760:tid 420] AH00422: Parent: Received shutdown signal -- Shutting down the server.
[Fri Oct 13 03:57:59.131957 2023] [mpm_winnt:notice] [pid 1876:tid 452] AH00364: Child: All worker threads have exited.
[Fri Oct 13 03:57:59.191887 2023] [mpm_winnt:notice] [pid 16760:tid 420] AH00430: Parent: Child process 1876 exited successfully.
[Fri Oct 13 03:58:15.593833 2023] [mpm_winnt:notice] [pid 19008:tid 400] AH00455: Apache/2.4.55 (Win32) OpenSSL/1.1.1s PHP/8.2.11 configured -- resuming normal operations
[Fri Oct 13 03:58:15.593833 2023] [mpm_winnt:notice] [pid 19008:tid 400] AH00456: Server built: Jan 15 2023 10:14:48
[Fri Oct 13 03:58:15.593833 2023] [core:notice] [pid 19008:tid 400] AH00094: Command line: 'httpd -d C:/Apache24'
[Fri Oct 13 03:58:15.601830 2023] [mpm_winnt:notice] [pid 19008:tid 400] AH00418: Parent: Created child process 8100
Apache server interrupted...
023] [mpm_winnt:notice] [pid 8100:tid 404] AH00354: Child: Starting 64 worker threads.
[Fri Oct 13 03:58:52.847287 2023] [php:error] [pid 8100:tid 1872] [client ::1:54272] PHP Fatal error:  Uncaught mysqli_sql_exception: Duplicate entry '123' for key 'users.username' in C:\\Apache24\\htdocs\\response.php:42\nStack trace:\n#0 C:\\Apache24\\htdocs\\response.php(42): mysqli->query()\n#1 {main}\n  thrown in C:\\Apache24\\htdocs\\response.php on line 42, referer: http://localhost:8080/login.html?
[Fri Oct 13 03:59:10.796842 2023] [php:error] [pid 8100:tid 1872] [client ::1:54276] PHP Fatal error:  Uncaught mysqli_sql_exception: Duplicate entry '123' for key 'users.username' in C:\\Apache24\\htdocs\\response.php:42\nStack trace:\n#0 C:\\Apache24\\htdocs\\response.php(42): mysqli->query()\n#1 {main}\n  thrown in C:\\Apache24\\htdocs\\response.php on line 42, referer: http://localhost:8080/login.html?
[Fri Oct 13 03:59:46.340672 2023] [php:error] [pid 8100:tid 1872] [client ::1:54303] PHP Fatal error:  Uncaught mysqli_sql_exception: Duplicate entry '123' for key 'users.username' in C:\\Apache24\\htdocs\\response.php:42\nStack trace:\n#0 C:\\Apache24\\htdocs\\response.php(42): mysqli->query()\n#1 {main}\n  thrown in C:\\Apache24\\htdocs\\response.php on line 42, referer: http://localhost:8080/login.html?
[Fri Oct 13 11:13:01.362335 2023] [mpm_winnt:notice] [pid 19008:tid 400] AH00422: Parent: Received shutdown signal -- Shutting down the server.
[Fri Oct 13 11:13:03.377503 2023] [mpm_winnt:notice] [pid 8100:tid 404] AH00364: Child: All worker threads have exited.
[Fri Oct 13 11:13:03.441505 2023] [mpm_winnt:notice] [pid 19008:tid 400] AH00430: Parent: Child process 8100 exited successfully.
[Fri Oct 13 11:13:13.943258 2023] [mpm_winnt:notice] [pid 10064:tid 416] AH00455: Apache/2.4.55 (Win32) OpenSSL/1.1.1s PHP/8.2.11 configured -- resuming normal operations
[Fri Oct 13 11:13:13.943258 2023] [mpm_winnt:notice] [pid 10064:tid 416] AH00456: Server built: Jan 15 2023 10:14:48
[Fri Oct 13 11:13:13.943258 2023] [core:notice] [pid 10064:tid 416] AH00094: Command line: 'httpd -d C:/Apache24'
[Fri Oct 13 11:13:13.947237 2023] [mpm_winnt:notice] [pid 10064:tid 416] AH00418: Parent: Created child process 1352
Apache server interrupted...
023] [mpm_winnt:notice] [pid 1352:tid 392] AH00354: Child: Starting 64 worker threads.
[Fri Oct 13 11:13:29.729175 2023] [mpm_winnt:notice] [pid 10064:tid 416] AH00422: Parent: Received shutdown signal -- Shutting down the server.
[Fri Oct 13 11:13:31.757664 2023] [mpm_winnt:notice] [pid 1352:tid 392] AH00364: Child: All worker threads have exited.
[Fri Oct 13 11:13:31.817433 2023] [mpm_winnt:notice] [pid 10064:tid 416] AH00430: Parent: Child process 1352 exited successfully.
[Fri Oct 13 11:31:10.006311 2023] [mpm_winnt:notice] [pid 25024:tid 404] AH00455: Apache/2.4.55 (Win32) OpenSSL/1.1.1s PHP/8.2.11 configured -- resuming normal operations
[Fri Oct 13 11:31:10.006311 2023] [mpm_winnt:notice] [pid 25024:tid 404] AH00456: Server built: Jan 15 2023 10:14:48
[Fri Oct 13 11:31:10.006311 2023] [core:notice] [pid 25024:tid 404] AH00094: Command line: 'httpd -d C:/Apache24'
[Fri Oct 13 11:31:10.014329 2023] [mpm_winnt:notice] [pid 25024:tid 404] AH00418: Parent: Created child process 5228
Apache server interrupted...
023] [mpm_winnt:notice] [pid 5228:tid 416] AH00354: Child: Starting 64 worker threads.
[Mon Oct 16 02:18:55.643369 2023] [php:error] [pid 5228:tid 1720] [client ::1:49730] PHP Parse error:  syntax error, unexpected variable "$result" in C:\\Apache24\\htdocs\\response2.php on line 27, referer: http://localhost:8080/index.html
[Mon Oct 16 02:19:48.891971 2023] [php:warn] [pid 5228:tid 1720] [client ::1:49738] PHP Warning:  Undefined array key "singleQuantity" in C:\\Apache24\\htdocs\\response2.php on line 15, referer: http://localhost:8080/index.html
[Mon Oct 16 02:19:48.891971 2023] [php:warn] [pid 5228:tid 1720] [client ::1:49738] PHP Warning:  Undefined variable $singleQuantity in C:\\Apache24\\htdocs\\response2.php on line 23, referer: http://localhost:8080/index.html
[Mon Oct 16 02:19:48.891971 2023] [php:warn] [pid 5228:tid 1720] [client ::1:49738] PHP Warning:  Undefined variable $connection in C:\\Apache24\\htdocs\\response2.php on line 25, referer: http://localhost:8080/index.html
[Mon Oct 16 02:19:48.892970 2023] [php:error] [pid 5228:tid 1720] [client ::1:49738] PHP Fatal error:  Uncaught TypeError: mysqli_query(): Argument #1 ($mysql) must be of type mysqli, null given in C:\\Apache24\\htdocs\\response2.php:25\nStack trace:\n#0 C:\\Apache24\\htdocs\\response2.php(25): mysqli_query()\n#1 {main}\n  thrown in C:\\Apache24\\htdocs\\response2.php on line 25, referer: http://localhost:8080/index.html
[Mon Oct 16 02:24:42.478695 2023] [php:warn] [pid 5228:tid 1720] [client ::1:49949] PHP Warning:  Undefined array key "singleQuantity" in C:\\Apache24\\htdocs\\response2.php on line 15, referer: http://localhost:8080/index.html
[Mon Oct 16 02:24:42.478695 2023] [php:warn] [pid 5228:tid 1720] [client ::1:49949] PHP Warning:  Undefined variable $singleQuantity in C:\\Apache24\\htdocs\\response2.php on line 23, referer: http://localhost:8080/index.html
[Mon Oct 16 02:24:42.480696 2023] [php:error] [pid 5228:tid 1720] [client ::1:49949] PHP Fatal error:  Uncaught mysqli_sql_exception: Column count doesn't match value count at row 1 in C:\\Apache24\\htdocs\\response2.php:25\nStack trace:\n#0 C:\\Apache24\\htdocs\\response2.php(25): mysqli->query()\n#1 {main}\n  thrown in C:\\Apache24\\htdocs\\response2.php on line 25, referer: http://localhost:8080/index.html
[Mon Oct 16 02:29:36.808349 2023] [php:warn] [pid 5228:tid 1720] [client ::1:50205] PHP Warning:  Undefined array key "singleQuantity" in C:\\Apache24\\htdocs\\response2.php on line 15, referer: http://localhost:8080/index.html
[Mon Oct 16 02:29:36.809350 2023] [php:error] [pid 5228:tid 1720] [client ::1:50205] PHP Fatal error:  Uncaught mysqli_sql_exception: Column count doesn't match value count at row 1 in C:\\Apache24\\htdocs\\response2.php:25\nStack trace:\n#0 C:\\Apache24\\htdocs\\response2.php(25): mysqli->query()\n#1 {main}\n  thrown in C:\\Apache24\\htdocs\\response2.php on line 25, referer: http://localhost:8080/index.html
[Mon Oct 16 02:50:45.582013 2023] [php:warn] [pid 5228:tid 1720] [client ::1:50995] PHP Warning:  Undefined array key "checkOutDate" in C:\\Apache24\\htdocs\\response2.php on line 12, referer: http://localhost:8080/index.html
[Mon Oct 16 02:50:45.582013 2023] [php:warn] [pid 5228:tid 1720] [client ::1:50995] PHP Warning:  Undefined array key "singleQuantity" in C:\\Apache24\\htdocs\\response2.php on line 15, referer: http://localhost:8080/index.html
[Mon Oct 16 02:50:45.582013 2023] [php:warn] [pid 5228:tid 1720] [client ::1:50995] PHP Warning:  Undefined variable $checkOutDate in C:\\Apache24\\htdocs\\response2.php on line 21, referer: http://localhost:8080/index.html
[Mon Oct 16 02:50:45.583013 2023] [php:error] [pid 5228:tid 1720] [client ::1:50995] PHP Fatal error:  Uncaught mysqli_sql_exception: Unknown column 'check_out_date' in 'field list' in C:\\Apache24\\htdocs\\response2.php:25\nStack trace:\n#0 C:\\Apache24\\htdocs\\response2.php(25): mysqli->query()\n#1 {main}\n  thrown in C:\\Apache24\\htdocs\\response2.php on line 25, referer: http://localhost:8080/index.html
[Mon Oct 16 02:53:37.325049 2023] [php:warn] [pid 5228:tid 1720] [client ::1:51105] PHP Warning:  Undefined array key "checkOutDate" in C:\\Apache24\\htdocs\\response2.php on line 12, referer: http://localhost:8080/index.html
[Mon Oct 16 02:53:37.325049 2023] [php:warn] [pid 5228:tid 1720] [client ::1:51105] PHP Warning:  Undefined array key "singleQuantity" in C:\\Apache24\\htdocs\\response2.php on line 15, referer: http://localhost:8080/index.html
[Mon Oct 16 02:53:37.325049 2023] [php:warn] [pid 5228:tid 1720] [client ::1:51105] PHP Warning:  Undefined variable $checkOutDate in C:\\Apache24\\htdocs\\response2.php on line 21, referer: http://localhost:8080/index.html
[Mon Oct 16 02:53:37.325049 2023] [php:error] [pid 5228:tid 1720] [client ::1:51105] PHP Fatal error:  Uncaught mysqli_sql_exception: Incorrect date value: '' for column 'check_in_date' at row 1 in C:\\Apache24\\htdocs\\response2.php:25\nStack trace:\n#0 C:\\Apache24\\htdocs\\response2.php(25): mysqli->query()\n#1 {main}\n  thrown in C:\\Apache24\\htdocs\\response2.php on line 25, referer: http://localhost:8080/index.html
[Mon Oct 16 02:59:30.447368 2023] [php:warn] [pid 5228:tid 1720] [client ::1:51297] PHP Warning:  Undefined array key "checkOutDate" in C:\\Apache24\\htdocs\\response2.php on line 13, referer: http://localhost:8080/index.html
[Mon Oct 16 02:59:30.447368 2023] [php:warn] [pid 5228:tid 1720] [client ::1:51297] PHP Warning:  Undefined array key "singleQuantity" in C:\\Apache24\\htdocs\\response2.php on line 17, referer: http://localhost:8080/index.html
[Mon Oct 16 02:59:30.448489 2023] [php:error] [pid 5228:tid 1720] [client ::1:51297] PHP Fatal error:  Uncaught mysqli_sql_exception: Field 'guest_id' doesn't have a default value in C:\\Apache24\\htdocs\\response2.php:27\nStack trace:\n#0 C:\\Apache24\\htdocs\\response2.php(27): mysqli->query()\n#1 {main}\n  thrown in C:\\Apache24\\htdocs\\response2.php on line 27, referer: http://localhost:8080/index.html
[Mon Oct 16 02:59:37.631526 2023] [php:warn] [pid 5228:tid 1720] [client ::1:51307] PHP Warning:  Undefined array key "checkOutDate" in C:\\Apache24\\htdocs\\response2.php on line 13, referer: http://localhost:8080/index.html
[Mon Oct 16 02:59:37.631526 2023] [php:warn] [pid 5228:tid 1720] [client ::1:51307] PHP Warning:  Undefined array key "singleQuantity" in C:\\Apache24\\htdocs\\response2.php on line 17, referer: http://localhost:8080/index.html
[Mon Oct 16 02:59:37.631526 2023] [php:error] [pid 5228:tid 1720] [client ::1:51307] PHP Fatal error:  Uncaught mysqli_sql_exception: Field 'guest_id' doesn't have a default value in C:\\Apache24\\htdocs\\response2.php:27\nStack trace:\n#0 C:\\Apache24\\htdocs\\response2.php(27): mysqli->query()\n#1 {main}\n  thrown in C:\\Apache24\\htdocs\\response2.php on line 27, referer: http://localhost:8080/index.html
[Mon Oct 16 03:04:55.111797 2023] [php:warn] [pid 5228:tid 1720] [client ::1:51564] PHP Warning:  Undefined array key "checkOutDate" in C:\\Apache24\\htdocs\\response2.php on line 14, referer: http://localhost:8080/index.html
[Mon Oct 16 03:04:55.111797 2023] [php:warn] [pid 5228:tid 1720] [client ::1:51564] PHP Warning:  Undefined array key "singleQuantity" in C:\\Apache24\\htdocs\\response2.php on line 18, referer: http://localhost:8080/index.html
[Mon Oct 16 03:04:55.111797 2023] [php:error] [pid 5228:tid 1720] [client ::1:51564] PHP Fatal error:  Uncaught mysqli_sql_exception: Column count doesn't match value count at row 1 in C:\\Apache24\\htdocs\\response2.php:28\nStack trace:\n#0 C:\\Apache24\\htdocs\\response2.php(28): mysqli->query()\n#1 {main}\n  thrown in C:\\Apache24\\htdocs\\response2.php on line 28, referer: http://localhost:8080/index.html
[Mon Oct 16 03:07:28.639966 2023] [php:warn] [pid 5228:tid 1720] [client ::1:51617] PHP Warning:  Undefined array key "checkOutDate" in C:\\Apache24\\htdocs\\response2.php on line 14, referer: http://localhost:8080/index.html
[Mon Oct 16 03:07:28.639966 2023] [php:warn] [pid 5228:tid 1720] [client ::1:51617] PHP Warning:  Undefined array key "singleQuantity" in C:\\Apache24\\htdocs\\response2.php on line 18, referer: http://localhost:8080/index.html
[Mon Oct 16 03:07:28.640964 2023] [php:error] [pid 5228:tid 1720] [client ::1:51617] PHP Fatal error:  Uncaught mysqli_sql_exception: Field 'guest_id' doesn't have a default value in C:\\Apache24\\htdocs\\response2.php:27\nStack trace:\n#0 C:\\Apache24\\htdocs\\response2.php(27): mysqli->query()\n#1 {main}\n  thrown in C:\\Apache24\\htdocs\\response2.php on line 27, referer: http://localhost:8080/index.html
[Mon Oct 16 03:09:42.740969 2023] [php:warn] [pid 5228:tid 1720] [client ::1:51685] PHP Warning:  Undefined array key "checkOutDate" in C:\\Apache24\\htdocs\\response2.php on line 14, referer: http://localhost:8080/index.html
[Mon Oct 16 03:09:42.740969 2023] [php:warn] [pid 5228:tid 1720] [client ::1:51685] PHP Warning:  Undefined array key "singleQuantity" in C:\\Apache24\\htdocs\\response2.php on line 18, referer: http://localhost:8080/index.html
[Mon Oct 16 03:09:42.741970 2023] [php:error] [pid 5228:tid 1720] [client ::1:51685] PHP Fatal error:  Uncaught mysqli_sql_exception: Field 'room_id' doesn't have a default value in C:\\Apache24\\htdocs\\response2.php:28\nStack trace:\n#0 C:\\Apache24\\htdocs\\response2.php(28): mysqli->query()\n#1 {main}\n  thrown in C:\\Apache24\\htdocs\\response2.php on line 28, referer: http://localhost:8080/index.html
[Mon Oct 16 03:11:55.281244 2023] [php:warn] [pid 5228:tid 1720] [client ::1:51763] PHP Warning:  Undefined array key "checkOutDate" in C:\\Apache24\\htdocs\\response2.php on line 14, referer: http://localhost:8080/index.html
[Mon Oct 16 03:11:55.281244 2023] [php:warn] [pid 5228:tid 1720] [client ::1:51763] PHP Warning:  Undefined array key "singleQuantity" in C:\\Apache24\\htdocs\\response2.php on line 18, referer: http://localhost:8080/index.html
[Mon Oct 16 03:11:55.282242 2023] [php:error] [pid 5228:tid 1720] [client ::1:51763] PHP Fatal error:  Uncaught mysqli_sql_exception: Data truncated for column 'guest_id' at row 1 in C:\\Apache24\\htdocs\\response2.php:30\nStack trace:\n#0 C:\\Apache24\\htdocs\\response2.php(30): mysqli->query()\n#1 {main}\n  thrown in C:\\Apache24\\htdocs\\response2.php on line 30, referer: http://localhost:8080/index.html
[Mon Oct 16 03:13:08.706305 2023] [php:warn] [pid 5228:tid 1720] [client ::1:51795] PHP Warning:  Undefined array key "checkOutDate" in C:\\Apache24\\htdocs\\response2.php on line 14, referer: http://localhost:8080/index.html
[Mon Oct 16 03:13:08.706711 2023] [php:warn] [pid 5228:tid 1720] [client ::1:51795] PHP Warning:  Undefined array key "singleQuantity" in C:\\Apache24\\htdocs\\response2.php on line 18, referer: http://localhost:8080/index.html
[Mon Oct 16 03:13:08.706711 2023] [php:error] [pid 5228:tid 1720] [client ::1:51795] PHP Fatal error:  Uncaught mysqli_sql_exception: Field 'room_id' doesn't have a default value in C:\\Apache24\\htdocs\\response2.php:30\nStack trace:\n#0 C:\\Apache24\\htdocs\\response2.php(30): mysqli->query()\n#1 {main}\n  thrown in C:\\Apache24\\htdocs\\response2.php on line 30, referer: http://localhost:8080/index.html
[Mon Oct 16 03:15:08.468461 2023] [php:warn] [pid 5228:tid 1720] [client ::1:51830] PHP Warning:  Undefined array key "checkOutDate" in C:\\Apache24\\htdocs\\response2.php on line 14, referer: http://localhost:8080/index.html
[Mon Oct 16 03:15:08.468461 2023] [php:warn] [pid 5228:tid 1720] [client ::1:51830] PHP Warning:  Undefined array key "singleQuantity" in C:\\Apache24\\htdocs\\response2.php on line 18, referer: http://localhost:8080/index.html
[Mon Oct 16 03:15:08.469371 2023] [php:error] [pid 5228:tid 1720] [client ::1:51830] PHP Fatal error:  Uncaught mysqli_sql_exception: Field 'room_id' doesn't have a default value in C:\\Apache24\\htdocs\\response2.php:30\nStack trace:\n#0 C:\\Apache24\\htdocs\\response2.php(30): mysqli->query()\n#1 {main}\n  thrown in C:\\Apache24\\htdocs\\response2.php on line 30, referer: http://localhost:8080/index.html
[Mon Oct 16 03:17:41.941660 2023] [php:warn] [pid 5228:tid 1720] [client ::1:51907] PHP Warning:  Undefined array key "checkOutDate" in C:\\Apache24\\htdocs\\response2.php on line 14, referer: http://localhost:8080/index.html
[Mon Oct 16 03:17:41.941660 2023] [php:warn] [pid 5228:tid 1720] [client ::1:51907] PHP Warning:  Undefined array key "singleQuantity" in C:\\Apache24\\htdocs\\response2.php on line 18, referer: http://localhost:8080/index.html
[Mon Oct 16 03:17:41.942673 2023] [php:error] [pid 5228:tid 1720] [client ::1:51907] PHP Fatal error:  Uncaught mysqli_sql_exception: Field 'room_id' doesn't have a default value in C:\\Apache24\\htdocs\\response2.php:32\nStack trace:\n#0 C:\\Apache24\\htdocs\\response2.php(32): mysqli->query()\n#1 {main}\n  thrown in C:\\Apache24\\htdocs\\response2.php on line 32, referer: http://localhost:8080/index.html
[Mon Oct 16 03:23:06.826879 2023] [php:error] [pid 5228:tid 1720] [client ::1:52108] PHP Fatal error:  Uncaught mysqli_sql_exception: Field 'room_id' doesn't have a default value in C:\\Apache24\\htdocs\\response2.php:32\nStack trace:\n#0 C:\\Apache24\\htdocs\\response2.php(32): mysqli->query()\n#1 {main}\n  thrown in C:\\Apache24\\htdocs\\response2.php on line 32, referer: http://localhost:8080/index.html
[Mon Oct 16 03:25:18.576816 2023] [php:error] [pid 5228:tid 1720] [client ::1:52257] PHP Fatal error:  Uncaught mysqli_sql_exception: Field 'room_id' doesn't have a default value in C:\\Apache24\\htdocs\\response2.php:32\nStack trace:\n#0 C:\\Apache24\\htdocs\\response2.php(32): mysqli->query()\n#1 {main}\n  thrown in C:\\Apache24\\htdocs\\response2.php on line 32, referer: http://localhost:8080/index.html
[Mon Oct 16 03:33:57.919722 2023] [php:error] [pid 5228:tid 1720] [client ::1:52484] PHP Fatal error:  Uncaught mysqli_sql_exception: Field 'room_id' doesn't have a default value in C:\\Apache24\\htdocs\\response2.php:30\nStack trace:\n#0 C:\\Apache24\\htdocs\\response2.php(30): mysqli->query()\n#1 {main}\n  thrown in C:\\Apache24\\htdocs\\response2.php on line 30, referer: http://localhost:8080/index.html
[Mon Oct 16 03:35:33.238440 2023] [php:error] [pid 5228:tid 1720] [client ::1:52561] PHP Fatal error:  Uncaught mysqli_sql_exception: Field 'room_id' doesn't have a default value in C:\\Apache24\\htdocs\\response2.php:30\nStack trace:\n#0 C:\\Apache24\\htdocs\\response2.php(30): mysqli->query()\n#1 {main}\n  thrown in C:\\Apache24\\htdocs\\response2.php on line 30, referer: http://localhost:8080/index.html
[Mon Oct 16 03:37:47.233731 2023] [php:error] [pid 5228:tid 1720] [client ::1:52653] PHP Fatal error:  Uncaught mysqli_sql_exception: Field 'room_id' doesn't have a default value in C:\\Apache24\\htdocs\\response2.php:30\nStack trace:\n#0 C:\\Apache24\\htdocs\\response2.php(30): mysqli->query()\n#1 {main}\n  thrown in C:\\Apache24\\htdocs\\response2.php on line 30, referer: http://localhost:8080/index.html
[Mon Oct 16 03:37:59.404780 2023] [mpm_winnt:notice] [pid 25024:tid 404] AH00422: Parent: Received shutdown signal -- Shutting down the server.
[Mon Oct 16 03:38:01.431614 2023] [mpm_winnt:notice] [pid 5228:tid 416] AH00364: Child: All worker threads have exited.
[Mon Oct 16 03:38:01.477705 2023] [mpm_winnt:notice] [pid 25024:tid 404] AH00430: Parent: Child process 5228 exited successfully.
[Mon Oct 16 03:38:09.330734 2023] [mpm_winnt:notice] [pid 28548:tid 420] AH00455: Apache/2.4.55 (Win32) OpenSSL/1.1.1s PHP/8.2.11 configured -- resuming normal operations
[Mon Oct 16 03:38:09.330944 2023] [mpm_winnt:notice] [pid 28548:tid 420] AH00456: Server built: Jan 15 2023 10:14:48
[Mon Oct 16 03:38:09.330944 2023] [core:notice] [pid 28548:tid 420] AH00094: Command line: 'httpd -d C:/Apache24'
[Mon Oct 16 03:38:09.333944 2023] [mpm_winnt:notice] [pid 28548:tid 420] AH00418: Parent: Created child process 28884
[Mon Oct 16 03:38:09.698076 2023] [mpm_winnt:notice] [pid 28884:tid 424] AH00354: Child: Starting 64 worker threads.
[Mon Oct 16 03:38:30.931228 2023] [php:error] [pid 28884:tid 1868] [client ::1:52669] PHP Fatal error:  Uncaught mysqli_sql_exception: Field 'room_id' doesn't have a default value in C:\\Apache24\\htdocs\\response2.php:30\nStack trace:\n#0 C:\\Apache24\\htdocs\\response2.php(30): mysqli->query()\n#1 {main}\n  thrown in C:\\Apache24\\htdocs\\response2.php on line 30, referer: http://localhost:8080/index.html
[Mon Oct 16 03:42:19.011452 2023] [php:error] [pid 28884:tid 1868] [client ::1:52825] PHP Fatal error:  Uncaught mysqli_sql_exception: Field 'room_id' doesn't have a default value in C:\\Apache24\\htdocs\\response2.php:30\nStack trace:\n#0 C:\\Apache24\\htdocs\\response2.php(30): mysqli->query()\n#1 {main}\n  thrown in C:\\Apache24\\htdocs\\response2.php on line 30, referer: http://localhost:8080/index.html
[Mon Oct 16 03:43:35.358216 2023] [php:error] [pid 28884:tid 1868] [client ::1:52851] PHP Fatal error:  Uncaught mysqli_sql_exception: Field 'room_id' doesn't have a default value in C:\\Apache24\\htdocs\\response2.php:30\nStack trace:\n#0 C:\\Apache24\\htdocs\\response2.php(30): mysqli->query()\n#1 {main}\n  thrown in C:\\Apache24\\htdocs\\response2.php on line 30, referer: http://localhost:8080/index.html
[Mon Oct 16 03:46:16.858622 2023] [php:warn] [pid 28884:tid 1868] [client ::1:52936] PHP Warning:  Undefined variable $row in C:\\Apache24\\htdocs\\response2.php on line 26, referer: http://localhost:8080/index.html
[Mon Oct 16 03:46:16.858622 2023] [php:warn] [pid 28884:tid 1868] [client ::1:52936] PHP Warning:  Trying to access array offset on value of type null in C:\\Apache24\\htdocs\\response2.php on line 26, referer: http://localhost:8080/index.html
[Mon Oct 16 03:46:16.858622 2023] [php:error] [pid 28884:tid 1868] [client ::1:52936] PHP Fatal error:  Uncaught mysqli_sql_exception: Field 'room_id' doesn't have a default value in C:\\Apache24\\htdocs\\response2.php:30\nStack trace:\n#0 C:\\Apache24\\htdocs\\response2.php(30): mysqli->query()\n#1 {main}\n  thrown in C:\\Apache24\\htdocs\\response2.php on line 30, referer: http://localhost:8080/index.html
[Mon Oct 16 03:48:34.839986 2023] [php:warn] [pid 28884:tid 1868] [client ::1:52997] PHP Warning:  Undefined variable $row in C:\\Apache24\\htdocs\\response2.php on line 26, referer: http://localhost:8080/index.html
[Mon Oct 16 03:48:34.839986 2023] [php:warn] [pid 28884:tid 1868] [client ::1:52997] PHP Warning:  Trying to access array offset on value of type null in C:\\Apache24\\htdocs\\response2.php on line 26, referer: http://localhost:8080/index.html
[Mon Oct 16 03:48:34.839986 2023] [php:error] [pid 28884:tid 1868] [client ::1:52997] PHP Fatal error:  Uncaught mysqli_sql_exception: Field 'room_id' doesn't have a default value in C:\\Apache24\\htdocs\\response2.php:30\nStack trace:\n#0 C:\\Apache24\\htdocs\\response2.php(30): mysqli->query()\n#1 {main}\n  thrown in C:\\Apache24\\htdocs\\response2.php on line 30, referer: http://localhost:8080/index.html
[Mon Oct 16 03:51:24.324410 2023] [php:error] [pid 28884:tid 1868] [client ::1:53154] PHP Fatal error:  Uncaught mysqli_sql_exception: Cannot add or update a child row: a foreign key constraint fails (`new_schema`.`bookings`, CONSTRAINT `bookings_ibfk_1` FOREIGN KEY (`guest_id`) REFERENCES `guests` (`guest_id`) ON DELETE CASCADE) in C:\\Apache24\\htdocs\\response2.php:30\nStack trace:\n#0 C:\\Apache24\\htdocs\\response2.php(30): mysqli->query()\n#1 {main}\n  thrown in C:\\Apache24\\htdocs\\response2.php on line 30, referer: http://localhost:8080/index.html
[Mon Oct 16 03:55:43.536110 2023] [php:error] [pid 28884:tid 1868] [client ::1:53305] PHP Fatal error:  Uncaught mysqli_sql_exception: Field 'room_number' doesn't have a default value in C:\\Apache24\\htdocs\\response2.php:30\nStack trace:\n#0 C:\\Apache24\\htdocs\\response2.php(30): mysqli->query()\n#1 {main}\n  thrown in C:\\Apache24\\htdocs\\response2.php on line 30, referer: http://localhost:8080/index.html
[Mon Oct 16 04:02:22.001134 2023] [php:error] [pid 28884:tid 1868] [client ::1:53625] PHP Fatal error:  Uncaught mysqli_sql_exception: Cannot add or update a child row: a foreign key constraint fails (`new_schema`.`bookings`, CONSTRAINT `bookings_ibfk_1` FOREIGN KEY (`guest_id`) REFERENCES `guests` (`guest_id`) ON DELETE CASCADE) in C:\\Apache24\\htdocs\\response2.php:31\nStack trace:\n#0 C:\\Apache24\\htdocs\\response2.php(31): mysqli->query()\n#1 {main}\n  thrown in C:\\Apache24\\htdocs\\response2.php on line 31, referer: http://localhost:8080/index.html
[Mon Oct 16 04:04:52.187662 2023] [php:error] [pid 28884:tid 1868] [client ::1:53849] PHP Fatal error:  Uncaught mysqli_sql_exception: Cannot add or update a child row: a foreign key constraint fails (`new_schema`.`bookings`, CONSTRAINT `bookings_ibfk_1` FOREIGN KEY (`guest_id`) REFERENCES `guests` (`guest_id`) ON DELETE CASCADE) in C:\\Apache24\\htdocs\\response2.php:30\nStack trace:\n#0 C:\\Apache24\\htdocs\\response2.php(30): mysqli->query()\n#1 {main}\n  thrown in C:\\Apache24\\htdocs\\response2.php on line 30, referer: http://localhost:8080/index.html
[Mon Oct 16 04:12:14.374150 2023] [php:warn] [pid 28884:tid 1820] [client ::1:54016] PHP Warning:  Undefined variable $roomId in C:\\Apache24\\htdocs\\response2.php on line 25, referer: http://localhost:8080/index.html
[Mon Oct 16 04:12:14.375151 2023] [php:error] [pid 28884:tid 1820] [client ::1:54016] PHP Fatal error:  Uncaught mysqli_sql_exception: Incorrect integer value: '' for column 'room_id' at row 1 in C:\\Apache24\\htdocs\\response2.php:29\nStack trace:\n#0 C:\\Apache24\\htdocs\\response2.php(29): mysqli->query()\n#1 {main}\n  thrown in C:\\Apache24\\htdocs\\response2.php on line 29, referer: http://localhost:8080/index.html
[Mon Oct 16 04:13:38.977976 2023] [php:warn] [pid 28884:tid 1820] [client ::1:54071] PHP Warning:  Undefined variable $roomId in C:\\Apache24\\htdocs\\response2.php on line 26, referer: http://localhost:8080/index.html
[Mon Oct 16 04:13:38.977976 2023] [php:error] [pid 28884:tid 1820] [client ::1:54071] PHP Fatal error:  Uncaught mysqli_sql_exception: Incorrect integer value: '' for column 'room_id' at row 1 in C:\\Apache24\\htdocs\\response2.php:30\nStack trace:\n#0 C:\\Apache24\\htdocs\\response2.php(30): mysqli->query()\n#1 {main}\n  thrown in C:\\Apache24\\htdocs\\response2.php on line 30, referer: http://localhost:8080/index.html
[Mon Oct 16 04:15:54.324403 2023] [php:warn] [pid 28884:tid 1820] [client ::1:54119] PHP Warning:  Undefined variable $roomNumber in C:\\Apache24\\htdocs\\response2.php on line 28, referer: http://localhost:8080/index.html
[Mon Oct 16 04:15:54.325382 2023] [php:error] [pid 28884:tid 1820] [client ::1:54119] PHP Fatal error:  Uncaught mysqli_sql_exception: Cannot add or update a child row: a foreign key constraint fails (`new_schema`.`bookings`, CONSTRAINT `bookings_ibfk_1` FOREIGN KEY (`guest_id`) REFERENCES `guests` (`guest_id`) ON DELETE CASCADE) in C:\\Apache24\\htdocs\\response2.php:30\nStack trace:\n#0 C:\\Apache24\\htdocs\\response2.php(30): mysqli->query()\n#1 {main}\n  thrown in C:\\Apache24\\htdocs\\response2.php on line 30, referer: http://localhost:8080/index.html
[Mon Oct 16 04:17:32.685041 2023] [php:warn] [pid 28884:tid 1820] [client ::1:54165] PHP Warning:  Undefined variable $roomNumber in C:\\Apache24\\htdocs\\response2.php on line 28, referer: http://localhost:8080/index.html
[Mon Oct 16 04:17:32.687041 2023] [php:error] [pid 28884:tid 1820] [client ::1:54165] PHP Fatal error:  Uncaught mysqli_sql_exception: Incorrect integer value: '' for column 'room_number' at row 1 in C:\\Apache24\\htdocs\\response2.php:31\nStack trace:\n#0 C:\\Apache24\\htdocs\\response2.php(31): mysqli->query()\n#1 {main}\n  thrown in C:\\Apache24\\htdocs\\response2.php on line 31, referer: http://localhost:8080/index.html
[Mon Oct 16 04:18:29.934844 2023] [php:error] [pid 28884:tid 1820] [client ::1:54194] PHP Fatal error:  Uncaught mysqli_sql_exception: Duplicate entry '5' for key 'rooms.room_number' in C:\\Apache24\\htdocs\\response2.php:31\nStack trace:\n#0 C:\\Apache24\\htdocs\\response2.php(31): mysqli->query()\n#1 {main}\n  thrown in C:\\Apache24\\htdocs\\response2.php on line 31, referer: http://localhost:8080/index.html
[Mon Oct 16 04:22:04.973358 2023] [php:warn] [pid 28884:tid 1820] [client ::1:54331] PHP Warning:  Undefined variable $connection in C:\\Apache24\\htdocs\\response2.php on line 42, referer: http://localhost:8080/index.html
[Mon Oct 16 04:22:04.973358 2023] [php:error] [pid 28884:tid 1820] [client ::1:54331] PHP Fatal error:  Uncaught TypeError: mysqli_close(): Argument #1 ($mysql) must be of type mysqli, null given in C:\\Apache24\\htdocs\\response2.php:42\nStack trace:\n#0 C:\\Apache24\\htdocs\\response2.php(42): mysqli_close()\n#1 {main}\n  thrown in C:\\Apache24\\htdocs\\response2.php on line 42, referer: http://localhost:8080/index.html
[Mon Oct 16 04:24:02.158671 2023] [php:warn] [pid 28884:tid 1820] [client ::1:54372] PHP Warning:  Undefined variable $connection in C:\\Apache24\\htdocs\\response2.php on line 42, referer: http://localhost:8080/index.html
[Mon Oct 16 04:24:02.158671 2023] [php:error] [pid 28884:tid 1820] [client ::1:54372] PHP Fatal error:  Uncaught TypeError: mysqli_close(): Argument #1 ($mysql) must be of type mysqli, null given in C:\\Apache24\\htdocs\\response2.php:42\nStack trace:\n#0 C:\\Apache24\\htdocs\\response2.php(42): mysqli_close()\n#1 {main}\n  thrown in C:\\Apache24\\htdocs\\response2.php on line 42, referer: http://localhost:8080/index.html
[Mon Oct 16 04:27:54.606763 2023] [php:warn] [pid 28884:tid 1820] [client ::1:54469] PHP Warning:  Undefined variable $connection in C:\\Apache24\\htdocs\\response2.php on line 40, referer: http://localhost:8080/index.html
[Mon Oct 16 04:27:54.606763 2023] [php:error] [pid 28884:tid 1820] [client ::1:54469] PHP Fatal error:  Uncaught TypeError: mysqli_close(): Argument #1 ($mysql) must be of type mysqli, null given in C:\\Apache24\\htdocs\\response2.php:40\nStack trace:\n#0 C:\\Apache24\\htdocs\\response2.php(40): mysqli_close()\n#1 {main}\n  thrown in C:\\Apache24\\htdocs\\response2.php on line 40, referer: http://localhost:8080/index.html
[Mon Oct 16 10:31:26.499401 2023] [php:warn] [pid 28884:tid 1844] [client ::1:54817] PHP Warning:  Undefined variable $connection in C:\\Apache24\\htdocs\\response2.php on line 40, referer: http://localhost:8080/index.html
[Mon Oct 16 10:31:26.499401 2023] [php:error] [pid 28884:tid 1844] [client ::1:54817] PHP Fatal error:  Uncaught TypeError: mysqli_close(): Argument #1 ($mysql) must be of type mysqli, null given in C:\\Apache24\\htdocs\\response2.php:40\nStack trace:\n#0 C:\\Apache24\\htdocs\\response2.php(40): mysqli_close()\n#1 {main}\n  thrown in C:\\Apache24\\htdocs\\response2.php on line 40, referer: http://localhost:8080/index.html
[Mon Oct 16 10:32:15.890784 2023] [php:warn] [pid 28884:tid 1844] [client ::1:54872] PHP Warning:  Undefined variable $connection in C:\\Apache24\\htdocs\\response2.php on line 40, referer: http://localhost:8080/index.html
[Mon Oct 16 10:32:15.890784 2023] [php:error] [pid 28884:tid 1844] [client ::1:54872] PHP Fatal error:  Uncaught TypeError: mysqli_close(): Argument #1 ($mysql) must be of type mysqli, null given in C:\\Apache24\\htdocs\\response2.php:40\nStack trace:\n#0 C:\\Apache24\\htdocs\\response2.php(40): mysqli_close()\n#1 {main}\n  thrown in C:\\Apache24\\htdocs\\response2.php on line 40, referer: http://localhost:8080/index.html
[Tue Oct 17 07:46:07.056247 2023] [core:warn] [pid 18632:tid 424] AH00098: pid file C:/Apache24/logs/httpd.pid overwritten -- Unclean shutdown of previous Apache run?
[Tue Oct 17 07:46:07.154763 2023] [mpm_winnt:notice] [pid 18632:tid 424] AH00455: Apache/2.4.55 (Win32) OpenSSL/1.1.1s PHP/8.2.11 configured -- resuming normal operations
[Tue Oct 17 07:46:07.154763 2023] [mpm_winnt:notice] [pid 18632:tid 424] AH00456: Server built: Jan 15 2023 10:14:48
[Tue Oct 17 07:46:07.154763 2023] [core:notice] [pid 18632:tid 424] AH00094: Command line: 'C:\\Apache24\\bin\\httpd.exe -d C:/Apache24'
[Tue Oct 17 07:46:07.166739 2023] [mpm_winnt:notice] [pid 18632:tid 424] AH00418: Parent: Created child process 584
Apache server shutdown initiated...
pm_winnt:notice] [pid 584:tid 420] AH00354: Child: Starting 64 worker threads.
[Tue Oct 17 07:46:10.269002 2023] [mpm_winnt:notice] [pid 18632:tid 424] AH00422: Parent: Received shutdown signal -- Shutting down the server.
[Tue Oct 17 07:46:12.286605 2023] [mpm_winnt:notice] [pid 584:tid 420] AH00364: Child: All worker threads have exited.
[Tue Oct 17 07:46:12.346955 2023] [mpm_winnt:notice] [pid 18632:tid 424] AH00430: Parent: Child process 584 exited successfully.
[Tue Oct 17 07:46:36.813023 2023] [mpm_winnt:notice] [pid 23220:tid 452] AH00455: Apache/2.4.55 (Win32) OpenSSL/1.1.1s PHP/8.2.11 configured -- resuming normal operations
[Tue Oct 17 07:46:36.813023 2023] [mpm_winnt:notice] [pid 23220:tid 452] AH00456: Server built: Jan 15 2023 10:14:48
[Tue Oct 17 07:46:36.813023 2023] [core:notice] [pid 23220:tid 452] AH00094: Command line: 'C:\\Apache24\\bin\\httpd.exe -d C:/Apache24'
[Tue Oct 17 07:46:36.821030 2023] [mpm_winnt:notice] [pid 23220:tid 452] AH00418: Parent: Created child process 13468
[Tue Oct 17 07:46:37.937975 2023] [mpm_winnt:notice] [pid 13468:tid 396] AH00354: Child: Starting 64 worker threads.
[Tue Oct 17 07:48:46.376913 2023] [core:warn] [pid 7056:tid 408] AH00098: pid file C:/Apache24/logs/httpd.pid overwritten -- Unclean shutdown of previous Apache run?
[Tue Oct 17 07:48:46.424915 2023] [mpm_winnt:notice] [pid 7056:tid 408] AH00455: Apache/2.4.55 (Win32) OpenSSL/1.1.1s PHP/8.2.11 configured -- resuming normal operations
[Tue Oct 17 07:48:46.424915 2023] [mpm_winnt:notice] [pid 7056:tid 408] AH00456: Server built: Jan 15 2023 10:14:48
[Tue Oct 17 07:48:46.424915 2023] [core:notice] [pid 7056:tid 408] AH00094: Command line: 'C:\\Apache24\\bin\\httpd.exe -d C:/Apache24'
[Tue Oct 17 07:48:46.428915 2023] [mpm_winnt:notice] [pid 7056:tid 408] AH00418: Parent: Created child process 23416
Apache server interrupted...
023] [mpm_winnt:notice] [pid 23416:tid 448] AH00354: Child: Starting 64 worker threads.
[Tue Oct 17 09:14:38.317425 2023] [mpm_winnt:notice] [pid 7056:tid 408] AH00422: Parent: Received shutdown signal -- Shutting down the server.
[Tue Oct 17 09:14:40.330636 2023] [mpm_winnt:notice] [pid 23416:tid 448] AH00364: Child: All worker threads have exited.
[Tue Oct 17 09:14:40.394621 2023] [mpm_winnt:notice] [pid 7056:tid 408] AH00430: Parent: Child process 23416 exited successfully.
[Tue Oct 17 09:14:49.449823 2023] [mpm_winnt:notice] [pid 18080:tid 396] AH00455: Apache/2.4.55 (Win32) OpenSSL/1.1.1s PHP/8.2.11 configured -- resuming normal operations
[Tue Oct 17 09:14:49.449823 2023] [mpm_winnt:notice] [pid 18080:tid 396] AH00456: Server built: Jan 15 2023 10:14:48
[Tue Oct 17 09:14:49.449823 2023] [core:notice] [pid 18080:tid 396] AH00094: Command line: 'C:\\Apache24\\bin\\httpd.exe -d C:/Apache24'
[Tue Oct 17 09:14:49.457823 2023] [mpm_winnt:notice] [pid 18080:tid 396] AH00418: Parent: Created child process 5508
Apache server shutdown initiated...
pm_winnt:notice] [pid 5508:tid 408] AH00354: Child: Starting 64 worker threads.
[Tue Oct 17 09:44:38.575191 2023] [php:warn] [pid 5508:tid 1860] [client ::1:51237] PHP Warning:  Undefined variable $login_count in C:\\Apache24\\htdocs\\response.php on line 37, referer: http://localhost:8080/login.html
[Tue Oct 17 09:45:01.067234 2023] [php:warn] [pid 5508:tid 1860] [client ::1:51263] PHP Warning:  Undefined variable $login_count in C:\\Apache24\\htdocs\\response.php on line 37, referer: http://localhost:8080/login.html
[Tue Oct 17 10:29:18.697449 2023] [mpm_winnt:notice] [pid 18080:tid 396] AH00422: Parent: Received shutdown signal -- Shutting down the server.
[Tue Oct 17 10:29:20.715138 2023] [mpm_winnt:notice] [pid 5508:tid 408] AH00364: Child: All worker threads have exited.
[Tue Oct 17 10:29:20.777114 2023] [mpm_winnt:notice] [pid 18080:tid 396] AH00430: Parent: Child process 5508 exited successfully.
[Tue Oct 17 11:04:06.188457 2023] [mpm_winnt:notice] [pid 13584:tid 404] AH00455: Apache/2.4.55 (Win32) OpenSSL/1.1.1s PHP/8.2.11 configured -- resuming normal operations
[Tue Oct 17 11:04:06.192456 2023] [mpm_winnt:notice] [pid 13584:tid 404] AH00456: Server built: Jan 15 2023 10:14:48
[Tue Oct 17 11:04:06.192456 2023] [core:notice] [pid 13584:tid 404] AH00094: Command line: 'C:\\Apache24\\bin\\httpd.exe -d C:/Apache24'
[Tue Oct 17 11:04:06.200470 2023] [mpm_winnt:notice] [pid 13584:tid 404] AH00418: Parent: Created child process 17888
Apache server shutdown initiated...
pm_winnt:notice] [pid 17888:tid 408] AH00354: Child: Starting 64 worker threads.
[Tue Oct 17 11:06:40.190920 2023] [php:warn] [pid 17888:tid 1908] [client ::1:49749] PHP Warning:  Undefined variable $connection in C:\\Apache24\\htdocs\\response2.php on line 40, referer: http://localhost:8080/index.html
[Tue Oct 17 11:06:40.194940 2023] [php:error] [pid 17888:tid 1908] [client ::1:49749] PHP Fatal error:  Uncaught TypeError: mysqli_close(): Argument #1 ($mysql) must be of type mysqli, null given in C:\\Apache24\\htdocs\\response2.php:40\nStack trace:\n#0 C:\\Apache24\\htdocs\\response2.php(40): mysqli_close()\n#1 {main}\n  thrown in C:\\Apache24\\htdocs\\response2.php on line 40, referer: http://localhost:8080/index.html
[Tue Oct 17 17:56:53.420034 2023] [mpm_winnt:notice] [pid 13584:tid 404] AH00422: Parent: Received shutdown signal -- Shutting down the server.
[Tue Oct 17 17:56:55.444506 2023] [mpm_winnt:notice] [pid 17888:tid 408] AH00364: Child: All worker threads have exited.
[Tue Oct 17 17:56:55.552736 2023] [mpm_winnt:notice] [pid 13584:tid 404] AH00430: Parent: Child process 17888 exited successfully.
[Wed Oct 18 18:15:35.166830 2023] [mpm_winnt:notice] [pid 10368:tid 412] AH00455: Apache/2.4.55 (Win32) OpenSSL/1.1.1s PHP/8.2.11 configured -- resuming normal operations
[Wed Oct 18 18:15:35.166830 2023] [mpm_winnt:notice] [pid 10368:tid 412] AH00456: Server built: Jan 15 2023 10:14:48
[Wed Oct 18 18:15:35.166830 2023] [core:notice] [pid 10368:tid 412] AH00094: Command line: 'httpd -d C:/Apache24'
[Wed Oct 18 18:15:35.174561 2023] [mpm_winnt:notice] [pid 10368:tid 412] AH00418: Parent: Created child process 5852
[Wed Oct 18 18:15:36.456194 2023] [mpm_winnt:notice] [pid 5852:tid 400] AH00354: Child: Starting 64 worker threads.
[Wed Oct 18 18:15:46.722909 2023] [php:warn] [pid 5852:tid 456] [client ::1:63608] PHP Warning:  Undefined variable $connection in C:\\Apache24\\htdocs\\response2.php on line 40, referer: http://localhost:8080/index.html
[Wed Oct 18 18:15:46.722909 2023] [php:error] [pid 5852:tid 456] [client ::1:63608] PHP Fatal error:  Uncaught TypeError: mysqli_close(): Argument #1 ($mysql) must be of type mysqli, null given in C:\\Apache24\\htdocs\\response2.php:40\nStack trace:\n#0 C:\\Apache24\\htdocs\\response2.php(40): mysqli_close()\n#1 {main}\n  thrown in C:\\Apache24\\htdocs\\response2.php on line 40, referer: http://localhost:8080/index.html
[Thu Mar 07 14:44:36.262918 2024] [core:warn] [pid 6180:tid 428] AH00098: pid file C:/Apache24/logs/httpd.pid overwritten -- Unclean shutdown of previous Apache run?
[Thu Mar 07 14:44:36.418920 2024] [mpm_winnt:notice] [pid 6180:tid 428] AH00455: Apache/2.4.55 (Win32) OpenSSL/1.1.1s PHP/8.2.11 configured -- resuming normal operations
[Thu Mar 07 14:44:36.418920 2024] [mpm_winnt:notice] [pid 6180:tid 428] AH00456: Server built: Jan 15 2023 10:14:48
[Thu Mar 07 14:44:36.418920 2024] [core:notice] [pid 6180:tid 428] AH00094: Command line: 'C:\\Apache24\\bin\\httpd.exe -d C:/Apache24'
[Thu Mar 07 14:44:36.426918 2024] [mpm_winnt:notice] [pid 6180:tid 428] AH00418: Parent: Created child process 8000
Apache server shutdown initiated...
pm_winnt:notice] [pid 8000:tid 392] AH00354: Child: Starting 64 worker threads.
[Thu Mar 07 14:44:47.588857 2024] [mpm_winnt:notice] [pid 6180:tid 428] AH00422: Parent: Received shutdown signal -- Shutting down the server.
[Thu Mar 07 14:44:49.599484 2024] [mpm_winnt:notice] [pid 8000:tid 392] AH00364: Child: All worker threads have exited.
[Thu Mar 07 14:44:49.639631 2024] [mpm_winnt:notice] [pid 6180:tid 428] AH00430: Parent: Child process 8000 exited successfully.
[Thu Mar 07 14:44:56.359663 2024] [mpm_winnt:notice] [pid 20132:tid 380] AH00455: Apache/2.4.55 (Win32) OpenSSL/1.1.1s PHP/8.2.11 configured -- resuming normal operations
[Thu Mar 07 14:44:56.359663 2024] [mpm_winnt:notice] [pid 20132:tid 380] AH00456: Server built: Jan 15 2023 10:14:48
[Thu Mar 07 14:44:56.359663 2024] [core:notice] [pid 20132:tid 380] AH00094: Command line: 'C:\\Apache24\\bin\\httpd.exe -d C:/Apache24'
[Thu Mar 07 14:44:56.363661 2024] [mpm_winnt:notice] [pid 20132:tid 380] AH00418: Parent: Created child process 18588
Apache server shutdown initiated...
pm_winnt:notice] [pid 18588:tid 432] AH00354: Child: Starting 64 worker threads.
[Thu Mar 07 14:45:41.491197 2024] [mpm_winnt:notice] [pid 20132:tid 380] AH00422: Parent: Received shutdown signal -- Shutting down the server.
[Thu Mar 07 14:45:43.518718 2024] [mpm_winnt:notice] [pid 18588:tid 432] AH00364: Child: All worker threads have exited.
[Thu Mar 07 14:45:43.562465 2024] [mpm_winnt:notice] [pid 20132:tid 380] AH00430: Parent: Child process 18588 exited successfully.
